[ 2015-04-06T14:20:17+08:00 ] 127.0.0.1 /redcenter/index.php/Api
INFO: [ app_init ] --START--
INFO: Run Behavior\BuildLiteBehavior [ RunTime:0.000000s ]
INFO: [ app_init ] --END-- [ RunTime:0.001000s ]
INFO: [ app_begin ] --START--
INFO: Run Behavior\ReadHtmlCacheBehavior [ RunTime:0.000000s ]
INFO: [ app_begin ] --END-- [ RunTime:0.002000s ]
INFO: [ view_parse ] --START--
INFO: Run Behavior\ParseTemplateBehavior [ RunTime:0.022001s ]
INFO: [ view_parse ] --END-- [ RunTime:0.023001s ]
INFO: [ view_filter ] --START--
INFO: Run Behavior\WriteHtmlCacheBehavior [ RunTime:0.000000s ]
INFO: [ view_filter ] --END-- [ RunTime:0.000000s ]
INFO: [ app_end ] --START--
INFO: Run Behavior\ShowPageTraceBehavior [ RunTime:0.001000s ]
INFO: [ app_end ] --END-- [ RunTime:0.001000s ]

[ 2015-04-06T14:20:27+08:00 ] 127.0.0.1 /redcenter/index.php/Api/handle/
INFO: [ app_init ] --START--
INFO: Run Behavior\BuildLiteBehavior [ RunTime:0.000000s ]
INFO: [ app_init ] --END-- [ RunTime:0.001000s ]
INFO: [ app_begin ] --START--
INFO: Run Behavior\ReadHtmlCacheBehavior [ RunTime:0.001000s ]
INFO: [ app_begin ] --END-- [ RunTime:0.001000s ]
NOTIC: [8192] mysql_connect(): The mysql extension is deprecated and will be removed in the future: use mysqli or PDO instead D:\wamp\www\RedCenter\ThinkPHP\Library\Think\Db\Driver\Mysql.class.php 第 52 行.
SQL: SHOW COLUMNS FROM `action` [ RunTime:0.040002s ]
SQL: SELECT * FROM `action` WHERE `type` = 'watchWei' LIMIT 1   [ RunTime:0.000000s ]

[ 2015-04-06T14:20:58+08:00 ] 127.0.0.1 /redcenter/index.php/Api/handle/
INFO: [ app_init ] --START--
INFO: Run Behavior\BuildLiteBehavior [ RunTime:0.001000s ]
INFO: [ app_init ] --END-- [ RunTime:0.001000s ]
INFO: [ app_begin ] --START--
INFO: Run Behavior\ReadHtmlCacheBehavior [ RunTime:0.000000s ]
INFO: [ app_begin ] --END-- [ RunTime:0.001000s ]
NOTIC: [8192] mysql_connect(): The mysql extension is deprecated and will be removed in the future: use mysqli or PDO instead D:\wamp\www\RedCenter\ThinkPHP\Library\Think\Db\Driver\Mysql.class.php 第 52 行.
SQL: SHOW COLUMNS FROM `action` [ RunTime:0.007001s ]
SQL: SELECT * FROM `action` WHERE `type` = 'watchWei' LIMIT 1   [ RunTime:0.001000s ]

[ 2015-04-06T14:32:58+08:00 ] 127.0.0.1 /redcenter/index.php/Api/handle/
INFO: [ app_init ] --START--
INFO: Run Behavior\BuildLiteBehavior [ RunTime:0.000000s ]
INFO: [ app_init ] --END-- [ RunTime:0.001000s ]
INFO: [ app_begin ] --START--
INFO: Run Behavior\ReadHtmlCacheBehavior [ RunTime:0.001000s ]
INFO: [ app_begin ] --END-- [ RunTime:0.002000s ]
NOTIC: [8192] mysql_connect(): The mysql extension is deprecated and will be removed in the future: use mysqli or PDO instead D:\wamp\www\RedCenter\ThinkPHP\Library\Think\Db\Driver\Mysql.class.php 第 52 行.
SQL: SHOW COLUMNS FROM `action` [ RunTime:0.003000s ]
SQL: SELECT * FROM `action` WHERE `type` = 'watchWeixin' LIMIT 1   [ RunTime:0.001000s ]
SQL: SHOW COLUMNS FROM `project_token` [ RunTime:0.002001s ]
SQL: SELECT * FROM `project_token` WHERE `project_id` = 'cyxbs' LIMIT 1   [ RunTime:0.001000s ]

[ 2015-04-06T14:33:10+08:00 ] 127.0.0.1 /redcenter/index.php/Api/handle/
INFO: [ app_init ] --START--
INFO: Run Behavior\BuildLiteBehavior [ RunTime:0.000000s ]
INFO: [ app_init ] --END-- [ RunTime:0.001000s ]
INFO: [ app_begin ] --START--
INFO: Run Behavior\ReadHtmlCacheBehavior [ RunTime:0.000000s ]
INFO: [ app_begin ] --END-- [ RunTime:0.001000s ]
NOTIC: [8192] mysql_connect(): The mysql extension is deprecated and will be removed in the future: use mysqli or PDO instead D:\wamp\www\RedCenter\ThinkPHP\Library\Think\Db\Driver\Mysql.class.php 第 52 行.
SQL: SHOW COLUMNS FROM `action` [ RunTime:0.004000s ]
SQL: SELECT * FROM `action` WHERE `type` = 'watchWeixin' LIMIT 1   [ RunTime:0.001000s ]
SQL: SHOW COLUMNS FROM `project_token` [ RunTime:0.003000s ]
SQL: SELECT * FROM `project_token` WHERE `project_id` = 'cyxbs' LIMIT 1   [ RunTime:0.001000s ]

[ 2015-04-06T14:33:50+08:00 ] 127.0.0.1 /redcenter/index.php/Api/handle/
INFO: [ app_init ] --START--
INFO: Run Behavior\BuildLiteBehavior [ RunTime:0.000000s ]
INFO: [ app_init ] --END-- [ RunTime:0.001000s ]
INFO: [ app_begin ] --START--
INFO: Run Behavior\ReadHtmlCacheBehavior [ RunTime:0.001001s ]
INFO: [ app_begin ] --END-- [ RunTime:0.001001s ]
NOTIC: [8192] mysql_connect(): The mysql extension is deprecated and will be removed in the future: use mysqli or PDO instead D:\wamp\www\RedCenter\ThinkPHP\Library\Think\Db\Driver\Mysql.class.php 第 52 行.
SQL: SHOW COLUMNS FROM `action` [ RunTime:0.003000s ]
SQL: SELECT * FROM `action` WHERE `type` = 'watchWeixin' LIMIT 1   [ RunTime:0.000000s ]
SQL: SHOW COLUMNS FROM `project_token` [ RunTime:0.003000s ]
SQL: SELECT * FROM `project_token` WHERE `project_id` = 'cyxbs' LIMIT 1   [ RunTime:0.000000s ]
SQL: SHOW COLUMNS FROM `user_member` [ RunTime:0.003000s ]
SQL: SELECT * FROM `user_member` WHERE `stu_num` = 2013213658 LIMIT 1   [ RunTime:0.001001s ]
SQL: select * from user_log where create_time > 1428249600 and create_time < 1428335999 and user_id = 4 and project = '微信'and action = '关注微信' [ RunTime:0.000000s ]
SQL: SELECT * FROM `user_member` WHERE `stu_num` = 2013213658 LIMIT 1   [ RunTime:0.001000s ]
SQL: SHOW COLUMNS FROM `user_log` [ RunTime:0.003000s ]
SQL: INSERT INTO `user_log` (`user_id`,`create_time`,`project`,`action`,`score`) VALUES (4,1428302030,'微信','关注微信',5) [ RunTime:0.038002s ]
SQL: SELECT * FROM `user_member` WHERE `stu_num` = 2013213658 LIMIT 1   [ RunTime:0.001000s ]
SQL: SELECT * FROM `user_member` WHERE `stu_num` = 2013213658 LIMIT 1   [ RunTime:0.001001s ]
SQL: UPDATE `user_member` SET `score`=5 WHERE `id` = 4 [ RunTime:0.002000s ]

[ 2015-04-06T14:33:52+08:00 ] 127.0.0.1 /redcenter/index.php/Api/handle/
INFO: [ app_init ] --START--
INFO: Run Behavior\BuildLiteBehavior [ RunTime:0.000000s ]
INFO: [ app_init ] --END-- [ RunTime:0.000000s ]
INFO: [ app_begin ] --START--
INFO: Run Behavior\ReadHtmlCacheBehavior [ RunTime:0.000000s ]
INFO: [ app_begin ] --END-- [ RunTime:0.001000s ]
NOTIC: [8192] mysql_connect(): The mysql extension is deprecated and will be removed in the future: use mysqli or PDO instead D:\wamp\www\RedCenter\ThinkPHP\Library\Think\Db\Driver\Mysql.class.php 第 52 行.
SQL: SHOW COLUMNS FROM `action` [ RunTime:0.002000s ]
SQL: SELECT * FROM `action` WHERE `type` = 'watchWeixin' LIMIT 1   [ RunTime:0.001000s ]
SQL: SHOW COLUMNS FROM `project_token` [ RunTime:0.009001s ]
SQL: SELECT * FROM `project_token` WHERE `project_id` = 'cyxbs' LIMIT 1   [ RunTime:0.001000s ]
SQL: SHOW COLUMNS FROM `user_member` [ RunTime:0.003000s ]
SQL: SELECT * FROM `user_member` WHERE `stu_num` = 2013213658 LIMIT 1   [ RunTime:0.000000s ]
SQL: select * from user_log where create_time > 1428249600 and create_time < 1428335999 and user_id = 4 and project = '微信'and action = '关注微信' [ RunTime:0.001000s ]
NOTIC: [8] Undefined variable: todayScore D:\wamp\www\RedCenter\RedCenter\Api\Common\function.php 第 28 行.

[ 2015-04-06T16:27:59+08:00 ] 127.0.0.1 /redcenter/index.php/Api/handle/
INFO: [ app_init ] --START--
INFO: Run Behavior\BuildLiteBehavior [ RunTime:0.000000s ]
INFO: [ app_init ] --END-- [ RunTime:0.001000s ]
INFO: [ app_begin ] --START--
INFO: Run Behavior\ReadHtmlCacheBehavior [ RunTime:0.002000s ]
INFO: [ app_begin ] --END-- [ RunTime:0.002000s ]
NOTIC: [8192] mysql_connect(): The mysql extension is deprecated and will be removed in the future: use mysqli or PDO instead D:\wamp\www\RedCenter\ThinkPHP\Library\Think\Db\Driver\Mysql.class.php 第 52 行.
SQL: SHOW COLUMNS FROM `action` [ RunTime:0.004000s ]
SQL: SELECT * FROM `action` WHERE `type` = 'firstUse' LIMIT 1   [ RunTime:0.001000s ]
SQL: SHOW COLUMNS FROM `project_token` [ RunTime:0.004000s ]
SQL: SELECT * FROM `project_token` WHERE `project_id` = 'cyxbs' LIMIT 1   [ RunTime:0.000000s ]

[ 2015-04-06T16:28:16+08:00 ] 127.0.0.1 /redcenter/index.php/Api/handle/
INFO: [ app_init ] --START--
INFO: Run Behavior\BuildLiteBehavior [ RunTime:0.000000s ]
INFO: [ app_init ] --END-- [ RunTime:0.000000s ]
INFO: [ app_begin ] --START--
INFO: Run Behavior\ReadHtmlCacheBehavior [ RunTime:0.000000s ]
INFO: [ app_begin ] --END-- [ RunTime:0.001000s ]
NOTIC: [8192] mysql_connect(): The mysql extension is deprecated and will be removed in the future: use mysqli or PDO instead D:\wamp\www\RedCenter\ThinkPHP\Library\Think\Db\Driver\Mysql.class.php 第 52 行.
SQL: SHOW COLUMNS FROM `action` [ RunTime:0.003000s ]
SQL: SELECT * FROM `action` WHERE `type` = 'firstUse' LIMIT 1   [ RunTime:0.001000s ]
SQL: SHOW COLUMNS FROM `project_token` [ RunTime:0.003001s ]
SQL: SELECT * FROM `project_token` WHERE `project_id` = 'cyxbs' LIMIT 1   [ RunTime:0.001000s ]
SQL: SHOW COLUMNS FROM `user_member` [ RunTime:0.003000s ]
SQL: SELECT * FROM `user_member` WHERE `stu_num` = 2013213658 LIMIT 1   [ RunTime:0.000000s ]
SQL: select * from user_log where create_time > 1428249600 and create_time < 1428335999 and user_id = 4 and project = '微信'and action = '当天第一次使用' [ RunTime:0.000000s ]
SQL: SELECT * FROM `user_member` WHERE `stu_num` = 2013213658 LIMIT 1   [ RunTime:0.001000s ]
SQL: SHOW COLUMNS FROM `user_log` [ RunTime:0.003000s ]
SQL: INSERT INTO `user_log` (`user_id`,`create_time`,`project`,`action`,`score`) VALUES (4,1428308896,'微信','当天第一次使用',1) [ RunTime:0.001000s ]
SQL: SELECT * FROM `user_member` WHERE `stu_num` = 2013213658 LIMIT 1   [ RunTime:0.000000s ]
SQL: SELECT * FROM `user_member` WHERE `stu_num` = 2013213658 LIMIT 1   [ RunTime:0.001000s ]
SQL: UPDATE `user_member` SET `score`=6 WHERE `id` = 4 [ RunTime:0.001000s ]

[ 2015-04-06T16:28:18+08:00 ] 127.0.0.1 /redcenter/index.php/Api/handle/
INFO: [ app_init ] --START--
INFO: Run Behavior\BuildLiteBehavior [ RunTime:0.000000s ]
INFO: [ app_init ] --END-- [ RunTime:0.001000s ]
INFO: [ app_begin ] --START--
INFO: Run Behavior\ReadHtmlCacheBehavior [ RunTime:0.001000s ]
INFO: [ app_begin ] --END-- [ RunTime:0.001000s ]
NOTIC: [8192] mysql_connect(): The mysql extension is deprecated and will be removed in the future: use mysqli or PDO instead D:\wamp\www\RedCenter\ThinkPHP\Library\Think\Db\Driver\Mysql.class.php 第 52 行.
SQL: SHOW COLUMNS FROM `action` [ RunTime:0.002001s ]
SQL: SELECT * FROM `action` WHERE `type` = 'firstUse' LIMIT 1   [ RunTime:0.001000s ]
SQL: SHOW COLUMNS FROM `project_token` [ RunTime:0.003000s ]
SQL: SELECT * FROM `project_token` WHERE `project_id` = 'cyxbs' LIMIT 1   [ RunTime:0.001000s ]
SQL: SHOW COLUMNS FROM `user_member` [ RunTime:0.003000s ]
SQL: SELECT * FROM `user_member` WHERE `stu_num` = 2013213658 LIMIT 1   [ RunTime:0.000000s ]
SQL: select * from user_log where create_time > 1428249600 and create_time < 1428335999 and user_id = 4 and project = '微信'and action = '当天第一次使用' [ RunTime:0.001001s ]
NOTIC: [8] Undefined variable: todayScore D:\wamp\www\RedCenter\RedCenter\Api\Common\function.php 第 28 行.

[ 2015-04-06T16:34:01+08:00 ] 127.0.0.1 /redcenter/index.php/Api/handle/
INFO: [ app_init ] --START--
INFO: Run Behavior\BuildLiteBehavior [ RunTime:0.000000s ]
INFO: [ app_init ] --END-- [ RunTime:0.002000s ]
INFO: [ app_begin ] --START--
INFO: Run Behavior\ReadHtmlCacheBehavior [ RunTime:0.001000s ]
INFO: [ app_begin ] --END-- [ RunTime:0.002000s ]
NOTIC: [8192] mysql_connect(): The mysql extension is deprecated and will be removed in the future: use mysqli or PDO instead D:\wamp\www\RedCenter\ThinkPHP\Library\Think\Db\Driver\Mysql.class.php 第 52 行.
SQL: SHOW COLUMNS FROM `action` [ RunTime:0.003000s ]
SQL: SELECT * FROM `action` WHERE `type` = 'firstUse' LIMIT 1   [ RunTime:0.001000s ]
SQL: SHOW COLUMNS FROM `project_token` [ RunTime:0.003001s ]
SQL: SELECT * FROM `project_token` WHERE `project_id` = 'cyxbs' LIMIT 1   [ RunTime:0.001000s ]
SQL: SHOW COLUMNS FROM `user_member` [ RunTime:0.004000s ]
SQL: SELECT * FROM `user_member` WHERE `stu_num` = 2013213659 LIMIT 1   [ RunTime:0.001000s ]

[ 2015-04-06T16:34:02+08:00 ] 127.0.0.1 /redcenter/index.php/Api/handle/
INFO: [ app_init ] --START--
INFO: Run Behavior\BuildLiteBehavior [ RunTime:0.000000s ]
INFO: [ app_init ] --END-- [ RunTime:0.001000s ]
INFO: [ app_begin ] --START--
INFO: Run Behavior\ReadHtmlCacheBehavior [ RunTime:0.001001s ]
INFO: [ app_begin ] --END-- [ RunTime:0.001001s ]
NOTIC: [8192] mysql_connect(): The mysql extension is deprecated and will be removed in the future: use mysqli or PDO instead D:\wamp\www\RedCenter\ThinkPHP\Library\Think\Db\Driver\Mysql.class.php 第 52 行.
SQL: SHOW COLUMNS FROM `action` [ RunTime:0.003001s ]
SQL: SELECT * FROM `action` WHERE `type` = 'firstUse' LIMIT 1   [ RunTime:0.001000s ]
SQL: SHOW COLUMNS FROM `project_token` [ RunTime:0.003000s ]
SQL: SELECT * FROM `project_token` WHERE `project_id` = 'cyxbs' LIMIT 1   [ RunTime:0.001000s ]
SQL: SHOW COLUMNS FROM `user_member` [ RunTime:0.003000s ]
SQL: SELECT * FROM `user_member` WHERE `stu_num` = 2013213659 LIMIT 1   [ RunTime:0.000000s ]

