[ 2015-04-02T10:08:40+08:00 ] 127.0.0.1 /redcenter/index.php/Api/handle/
INFO: [ app_init ] --START--
INFO: Run Behavior\BuildLiteBehavior [ RunTime:0.000000s ]
INFO: [ app_init ] --END-- [ RunTime:0.000000s ]
INFO: [ app_begin ] --START--
INFO: Run Behavior\ReadHtmlCacheBehavior [ RunTime:0.000000s ]
INFO: [ app_begin ] --END-- [ RunTime:0.002001s ]
NOTIC: [8192] mysql_connect(): The mysql extension is deprecated and will be removed in the future: use mysqli or PDO instead D:\wamp\www\RedCenter\ThinkPHP\Library\Think\Db\Driver\Mysql.class.php 第 52 行.
SQL: SHOW COLUMNS FROM `action` [ RunTime:0.051003s ]
SQL: SELECT * FROM `action` WHERE `type` = 'watchWeixin' LIMIT 1   [ RunTime:0.049003s ]
NOTIC: [8] Use of undefined constant act - assumed 'act' D:\wamp\www\RedCenter\RedCenter\Api\Controller\HandleController.class.php 第 13 行.
SQL: SHOW COLUMNS FROM `user_member` [ RunTime:0.051003s ]
SQL: SELECT * FROM `user_member` WHERE `id` = 4 LIMIT 1   [ RunTime:0.050003s ]

[ 2015-04-02T10:09:11+08:00 ] 127.0.0.1 /redcenter/index.php/Api/handle/
INFO: [ app_init ] --START--
INFO: Run Behavior\BuildLiteBehavior [ RunTime:0.000000s ]
INFO: [ app_init ] --END-- [ RunTime:0.001000s ]
INFO: [ app_begin ] --START--
INFO: Run Behavior\ReadHtmlCacheBehavior [ RunTime:0.001000s ]
INFO: [ app_begin ] --END-- [ RunTime:0.001000s ]
NOTIC: [8192] mysql_connect(): The mysql extension is deprecated and will be removed in the future: use mysqli or PDO instead D:\wamp\www\RedCenter\ThinkPHP\Library\Think\Db\Driver\Mysql.class.php 第 52 行.
SQL: SHOW COLUMNS FROM `action` [ RunTime:0.052003s ]
SQL: SELECT * FROM `action` WHERE `type` = 'watchWeixin' LIMIT 1   [ RunTime:0.051003s ]
NOTIC: [8] Use of undefined constant act - assumed 'act' D:\wamp\www\RedCenter\RedCenter\Api\Controller\HandleController.class.php 第 13 行.
SQL: SHOW COLUMNS FROM `user_member` [ RunTime:0.053003s ]
SQL: SELECT * FROM `user_member` WHERE `id` = 4 LIMIT 1   [ RunTime:0.052003s ]

[ 2015-04-02T10:09:35+08:00 ] 127.0.0.1 /redcenter/index.php/Api/handle/
INFO: [ app_init ] --START--
INFO: Run Behavior\BuildLiteBehavior [ RunTime:0.000000s ]
INFO: [ app_init ] --END-- [ RunTime:0.001000s ]
INFO: [ app_begin ] --START--
INFO: Run Behavior\ReadHtmlCacheBehavior [ RunTime:0.001000s ]
INFO: [ app_begin ] --END-- [ RunTime:0.001000s ]
NOTIC: [8192] mysql_connect(): The mysql extension is deprecated and will be removed in the future: use mysqli or PDO instead D:\wamp\www\RedCenter\ThinkPHP\Library\Think\Db\Driver\Mysql.class.php 第 52 行.
SQL: SHOW COLUMNS FROM `action` [ RunTime:0.048003s ]
SQL: SELECT * FROM `action` WHERE `type` = 'watchWeixin' LIMIT 1   [ RunTime:0.046002s ]
NOTIC: [8] Use of undefined constant act - assumed 'act' D:\wamp\www\RedCenter\RedCenter\Api\Controller\HandleController.class.php 第 13 行.
SQL: SHOW COLUMNS FROM `user_member` [ RunTime:0.047003s ]
SQL: SELECT * FROM `user_member` WHERE `id` = 4 LIMIT 1   [ RunTime:0.047003s ]

[ 2015-04-02T10:09:43+08:00 ] 127.0.0.1 /redcenter/index.php/Api/handle/
INFO: [ app_init ] --START--
INFO: Run Behavior\BuildLiteBehavior [ RunTime:0.000000s ]
INFO: [ app_init ] --END-- [ RunTime:0.001000s ]
INFO: [ app_begin ] --START--
INFO: Run Behavior\ReadHtmlCacheBehavior [ RunTime:0.001000s ]
INFO: [ app_begin ] --END-- [ RunTime:0.001000s ]
NOTIC: [8192] mysql_connect(): The mysql extension is deprecated and will be removed in the future: use mysqli or PDO instead D:\wamp\www\RedCenter\ThinkPHP\Library\Think\Db\Driver\Mysql.class.php 第 52 行.
SQL: SHOW COLUMNS FROM `action` [ RunTime:0.052003s ]
SQL: SELECT * FROM `action` WHERE `type` = 'watchWeixin' LIMIT 1   [ RunTime:0.049003s ]
NOTIC: [8] Use of undefined constant act - assumed 'act' D:\wamp\www\RedCenter\RedCenter\Api\Controller\HandleController.class.php 第 13 行.
SQL: SHOW COLUMNS FROM `user_member` [ RunTime:0.051003s ]
SQL: SELECT * FROM `user_member` WHERE `id` = 4 LIMIT 1   [ RunTime:0.050003s ]

[ 2015-04-02T10:10:22+08:00 ] 127.0.0.1 /redcenter/index.php/Api/handle/
INFO: [ app_init ] --START--
INFO: Run Behavior\BuildLiteBehavior [ RunTime:0.000000s ]
INFO: [ app_init ] --END-- [ RunTime:0.000000s ]
INFO: [ app_begin ] --START--
INFO: Run Behavior\ReadHtmlCacheBehavior [ RunTime:0.001000s ]
INFO: [ app_begin ] --END-- [ RunTime:0.001000s ]
NOTIC: [8192] mysql_connect(): The mysql extension is deprecated and will be removed in the future: use mysqli or PDO instead D:\wamp\www\RedCenter\ThinkPHP\Library\Think\Db\Driver\Mysql.class.php 第 52 行.
SQL: SHOW COLUMNS FROM `action` [ RunTime:0.050003s ]
SQL: SELECT * FROM `action` WHERE `type` = 'watchWeixin' LIMIT 1   [ RunTime:0.051003s ]
NOTIC: [8] Use of undefined constant act - assumed 'act' D:\wamp\www\RedCenter\RedCenter\Api\Controller\HandleController.class.php 第 13 行.
SQL: SHOW COLUMNS FROM `user_member` [ RunTime:0.051003s ]
SQL: SELECT * FROM `user_member` WHERE `id` = 4 LIMIT 1   [ RunTime:0.051003s ]

[ 2015-04-02T10:11:43+08:00 ] 127.0.0.1 /redcenter/index.php/Api/handle/
INFO: [ app_init ] --START--
INFO: Run Behavior\BuildLiteBehavior [ RunTime:0.000000s ]
INFO: [ app_init ] --END-- [ RunTime:0.000000s ]
INFO: [ app_begin ] --START--
INFO: Run Behavior\ReadHtmlCacheBehavior [ RunTime:0.001000s ]
INFO: [ app_begin ] --END-- [ RunTime:0.001000s ]
NOTIC: [8192] mysql_connect(): The mysql extension is deprecated and will be removed in the future: use mysqli or PDO instead D:\wamp\www\RedCenter\ThinkPHP\Library\Think\Db\Driver\Mysql.class.php 第 52 行.
SQL: SHOW COLUMNS FROM `action` [ RunTime:0.050002s ]
SQL: SELECT * FROM `action` WHERE `type` = 'watchWeixin' LIMIT 1   [ RunTime:0.050002s ]
NOTIC: [8] Use of undefined constant act - assumed 'act' D:\wamp\www\RedCenter\RedCenter\Api\Controller\HandleController.class.php 第 13 行.
SQL: SHOW COLUMNS FROM `user_member` [ RunTime:0.050003s ]
SQL: SELECT * FROM `user_member` WHERE `id` = 4 LIMIT 1   [ RunTime:0.051003s ]

[ 2015-04-02T10:26:06+08:00 ] 127.0.0.1 /redcenter/index.php/Api/handle/
INFO: [ app_init ] --START--
INFO: Run Behavior\BuildLiteBehavior [ RunTime:0.000000s ]
INFO: [ app_init ] --END-- [ RunTime:0.001000s ]
INFO: [ app_begin ] --START--
INFO: Run Behavior\ReadHtmlCacheBehavior [ RunTime:0.001000s ]
INFO: [ app_begin ] --END-- [ RunTime:0.001000s ]
NOTIC: [8192] mysql_connect(): The mysql extension is deprecated and will be removed in the future: use mysqli or PDO instead D:\wamp\www\RedCenter\ThinkPHP\Library\Think\Db\Driver\Mysql.class.php 第 52 行.
SQL: SHOW COLUMNS FROM `action` [ RunTime:0.052003s ]
SQL: SELECT * FROM `action` WHERE `type` = 'watchWeixin' LIMIT 1   [ RunTime:0.051003s ]
NOTIC: [8] Use of undefined constant act - assumed 'act' D:\wamp\www\RedCenter\RedCenter\Api\Controller\HandleController.class.php 第 13 行.
SQL: SHOW COLUMNS FROM `user_member` [ RunTime:0.051003s ]
SQL: SELECT * FROM `user_member` WHERE `id` = 4 LIMIT 1   [ RunTime:0.052003s ]
NOTIC: [8] Undefined variable: pro D:\wamp\www\RedCenter\RedCenter\Api\Controller\HandleController.class.php 第 36 行.
SQL: SHOW COLUMNS FROM `user_log` [ RunTime:0.051003s ]

[ 2015-04-02T10:26:21+08:00 ] 127.0.0.1 /redcenter/index.php/Api/handle/
INFO: [ app_init ] --START--
INFO: Run Behavior\BuildLiteBehavior [ RunTime:0.000000s ]
INFO: [ app_init ] --END-- [ RunTime:0.000000s ]
INFO: [ app_begin ] --START--
INFO: Run Behavior\ReadHtmlCacheBehavior [ RunTime:0.001000s ]
INFO: [ app_begin ] --END-- [ RunTime:0.002000s ]
NOTIC: [8192] mysql_connect(): The mysql extension is deprecated and will be removed in the future: use mysqli or PDO instead D:\wamp\www\RedCenter\ThinkPHP\Library\Think\Db\Driver\Mysql.class.php 第 52 行.
SQL: SHOW COLUMNS FROM `action` [ RunTime:0.051003s ]
SQL: SELECT * FROM `action` WHERE `type` = 'watchWeixin' LIMIT 1   [ RunTime:0.051003s ]
NOTIC: [8] Use of undefined constant act - assumed 'act' D:\wamp\www\RedCenter\RedCenter\Api\Controller\HandleController.class.php 第 13 行.
SQL: SHOW COLUMNS FROM `user_member` [ RunTime:0.051003s ]
SQL: SELECT * FROM `user_member` WHERE `id` = 4 LIMIT 1   [ RunTime:0.052003s ]
NOTIC: [8] Undefined variable: pro D:\wamp\www\RedCenter\RedCenter\Api\Controller\HandleController.class.php 第 36 行.
SQL: SHOW COLUMNS FROM `user_log` [ RunTime:0.051003s ]
SQL: SELECT * FROM `user_log` WHERE `user_id` = '4' AND `create_time` <= 1427990399 AND `project` = null AND `action` = 'watchWeixin'  [ RunTime:0.051003s ]

[ 2015-04-02T10:33:49+08:00 ] 127.0.0.1 /redcenter/index.php/Api/handle/
INFO: [ app_init ] --START--
INFO: Run Behavior\BuildLiteBehavior [ RunTime:0.001000s ]
INFO: [ app_init ] --END-- [ RunTime:0.001000s ]
INFO: [ app_begin ] --START--
INFO: Run Behavior\ReadHtmlCacheBehavior [ RunTime:0.001000s ]
INFO: [ app_begin ] --END-- [ RunTime:0.001000s ]
NOTIC: [8192] mysql_connect(): The mysql extension is deprecated and will be removed in the future: use mysqli or PDO instead D:\wamp\www\RedCenter\ThinkPHP\Library\Think\Db\Driver\Mysql.class.php 第 52 行.
SQL: SHOW COLUMNS FROM `action` [ RunTime:0.047002s ]
SQL: SELECT * FROM `action` WHERE `type` = 'watchWeixin' LIMIT 1   [ RunTime:0.046003s ]
NOTIC: [8] Use of undefined constant act - assumed 'act' D:\wamp\www\RedCenter\RedCenter\Api\Controller\HandleController.class.php 第 13 行.
SQL: SHOW COLUMNS FROM `project_token` [ RunTime:0.047003s ]
SQL: SELECT * FROM `project_token` WHERE `token` = 'sdgadfasdfasdfqergg' LIMIT 1   [ RunTime:0.046002s ]
SQL: SHOW COLUMNS FROM `user_member` [ RunTime:0.047003s ]
SQL: SELECT * FROM `user_member` WHERE `id` = 4 LIMIT 1   [ RunTime:0.046003s ]
SQL: SHOW COLUMNS FROM `user_log` [ RunTime:0.046003s ]
SQL: SELECT * FROM `user_log` WHERE `user_id` = '4' AND `create_time` <= 1427990399 AND `project` = '微信' AND `action` = 'watchWeixin'  [ RunTime:0.046002s ]

[ 2015-04-02T10:59:13+08:00 ] 127.0.0.1 /redcenter/index.php/Api/handle/
INFO: [ app_init ] --START--
INFO: Run Behavior\BuildLiteBehavior [ RunTime:0.000000s ]
INFO: [ app_init ] --END-- [ RunTime:0.001000s ]
INFO: [ app_begin ] --START--
INFO: Run Behavior\ReadHtmlCacheBehavior [ RunTime:0.001000s ]
INFO: [ app_begin ] --END-- [ RunTime:0.001000s ]
NOTIC: [8192] mysql_connect(): The mysql extension is deprecated and will be removed in the future: use mysqli or PDO instead D:\wamp\www\RedCenter\ThinkPHP\Library\Think\Db\Driver\Mysql.class.php 第 52 行.
SQL: SHOW COLUMNS FROM `action` [ RunTime:0.052003s ]
SQL: SELECT * FROM `action` WHERE `type` = 'watchWeixin' LIMIT 1   [ RunTime:0.051003s ]
NOTIC: [8] Use of undefined constant act - assumed 'act' D:\wamp\www\RedCenter\RedCenter\Api\Controller\HandleController.class.php 第 13 行.
SQL: SHOW COLUMNS FROM `project_token` [ RunTime:0.051002s ]
SQL: SELECT * FROM `project_token` WHERE `token` = 'sdgadfasdfasdfqergg' LIMIT 1   [ RunTime:0.051003s ]
SQL: SHOW COLUMNS FROM `user_member` [ RunTime:0.052003s ]
SQL: SELECT * FROM `user_member` WHERE `id` = 4 LIMIT 1   [ RunTime:0.052003s ]
SQL: SHOW COLUMNS FROM `user_log` [ RunTime:0.052003s ]
SQL: SELECT * FROM `user_log` WHERE `user_id` = '4' AND `create_time` <= 1427990399 AND `project` = '微信' AND `action` = '关注微信'  [ RunTime:0.051003s ]
SQL: INSERT INTO `user_log` (`user_id`,`create_time`,`project`,`action`) VALUES (4,1427943553,'微信','关注微信') [ RunTime:0.058003s ]
NOTIC: [8] Use of undefined constant state - assumed 'state' D:\wamp\www\RedCenter\RedCenter\Api\Controller\HandleController.class.php 第 47 行.
INFO: [ app_end ] --START--
INFO: Run Behavior\ShowPageTraceBehavior [ RunTime:0.001000s ]
INFO: [ app_end ] --END-- [ RunTime:0.002000s ]

[ 2015-04-02T10:59:32+08:00 ] 127.0.0.1 /redcenter/index.php/Api/handle/
INFO: [ app_init ] --START--
INFO: Run Behavior\BuildLiteBehavior [ RunTime:0.000000s ]
INFO: [ app_init ] --END-- [ RunTime:0.000000s ]
INFO: [ app_begin ] --START--
INFO: Run Behavior\ReadHtmlCacheBehavior [ RunTime:0.001000s ]
INFO: [ app_begin ] --END-- [ RunTime:0.001000s ]
NOTIC: [8192] mysql_connect(): The mysql extension is deprecated and will be removed in the future: use mysqli or PDO instead D:\wamp\www\RedCenter\ThinkPHP\Library\Think\Db\Driver\Mysql.class.php 第 52 行.
SQL: SHOW COLUMNS FROM `action` [ RunTime:0.047003s ]
SQL: SELECT * FROM `action` WHERE `type` = 'watchWeixin' LIMIT 1   [ RunTime:0.046003s ]
NOTIC: [8] Use of undefined constant act - assumed 'act' D:\wamp\www\RedCenter\RedCenter\Api\Controller\HandleController.class.php 第 13 行.
SQL: SHOW COLUMNS FROM `project_token` [ RunTime:0.046002s ]
SQL: SELECT * FROM `project_token` WHERE `token` = 'sdgadfasdfasdfqergg' LIMIT 1   [ RunTime:0.046002s ]
SQL: SHOW COLUMNS FROM `user_member` [ RunTime:0.047003s ]
SQL: SELECT * FROM `user_member` WHERE `id` = 4 LIMIT 1   [ RunTime:0.047003s ]
SQL: SHOW COLUMNS FROM `user_log` [ RunTime:0.046002s ]
SQL: SELECT * FROM `user_log` WHERE `user_id` = '4' AND `create_time` <= 1427990399 AND `project` = '微信' AND `action` = '关注微信'  [ RunTime:0.047002s ]
INFO: [ app_end ] --START--
INFO: Run Behavior\ShowPageTraceBehavior [ RunTime:0.001000s ]
INFO: [ app_end ] --END-- [ RunTime:0.002000s ]

[ 2015-04-02T11:01:01+08:00 ] 127.0.0.1 /redcenter/index.php/Api/handle/
INFO: [ app_init ] --START--
INFO: Run Behavior\BuildLiteBehavior [ RunTime:0.000000s ]
INFO: [ app_init ] --END-- [ RunTime:0.001000s ]
INFO: [ app_begin ] --START--
INFO: Run Behavior\ReadHtmlCacheBehavior [ RunTime:0.001000s ]
INFO: [ app_begin ] --END-- [ RunTime:0.001000s ]
NOTIC: [8192] mysql_connect(): The mysql extension is deprecated and will be removed in the future: use mysqli or PDO instead D:\wamp\www\RedCenter\ThinkPHP\Library\Think\Db\Driver\Mysql.class.php 第 52 行.
SQL: SHOW COLUMNS FROM `action` [ RunTime:0.051003s ]
SQL: SELECT * FROM `action` WHERE `type` = 'watchWeixin' LIMIT 1   [ RunTime:0.051003s ]
NOTIC: [8] Use of undefined constant act - assumed 'act' D:\wamp\www\RedCenter\RedCenter\Api\Controller\HandleController.class.php 第 13 行.
SQL: SHOW COLUMNS FROM `project_token` [ RunTime:0.052003s ]
SQL: SELECT * FROM `project_token` WHERE `token` = 'sdgadfasdfasdfqergg' LIMIT 1   [ RunTime:0.050003s ]
SQL: SHOW COLUMNS FROM `user_member` [ RunTime:0.052003s ]
SQL: SELECT * FROM `user_member` WHERE `id` = 4 LIMIT 1   [ RunTime:0.052003s ]
SQL: SHOW COLUMNS FROM `user_log` [ RunTime:0.052003s ]
SQL: SELECT * FROM `user_log` WHERE `user_id` = '4' AND `create_time` <= 1427990399 AND `project` = '微信' AND `action` = '关注微信'  [ RunTime:0.051003s ]
INFO: [ app_end ] --START--
INFO: Run Behavior\ShowPageTraceBehavior [ RunTime:0.001000s ]
INFO: [ app_end ] --END-- [ RunTime:0.001000s ]

[ 2015-04-02T11:03:15+08:00 ] 127.0.0.1 /redcenter/index.php/Api/handle/
INFO: [ app_init ] --START--
INFO: Run Behavior\BuildLiteBehavior [ RunTime:0.000000s ]
INFO: [ app_init ] --END-- [ RunTime:0.001000s ]
INFO: [ app_begin ] --START--
INFO: Run Behavior\ReadHtmlCacheBehavior [ RunTime:0.001000s ]
INFO: [ app_begin ] --END-- [ RunTime:0.001000s ]
NOTIC: [8192] mysql_connect(): The mysql extension is deprecated and will be removed in the future: use mysqli or PDO instead D:\wamp\www\RedCenter\ThinkPHP\Library\Think\Db\Driver\Mysql.class.php 第 52 行.
SQL: SHOW COLUMNS FROM `action` [ RunTime:0.052003s ]
SQL: SELECT * FROM `action` WHERE `type` = 'watchWeixin' LIMIT 1   [ RunTime:0.052003s ]
NOTIC: [8] Use of undefined constant act - assumed 'act' D:\wamp\www\RedCenter\RedCenter\Api\Controller\HandleController.class.php 第 13 行.
SQL: SHOW COLUMNS FROM `project_token` [ RunTime:0.052003s ]
SQL: SELECT * FROM `project_token` WHERE `token` = 'sdgadfasdfasdfqergg' LIMIT 1   [ RunTime:0.052003s ]
SQL: SHOW COLUMNS FROM `user_member` [ RunTime:0.053003s ]
SQL: SELECT * FROM `user_member` WHERE `id` = 4 LIMIT 1   [ RunTime:0.053003s ]
SQL: SHOW COLUMNS FROM `user_log` [ RunTime:0.052003s ]
SQL: SELECT * FROM `user_log` WHERE `user_id` = '4' AND `create_time` <= 1427990399 AND `project` = '微信' AND `action` = '关注微信'  [ RunTime:0.051003s ]

[ 2015-04-02T11:38:25+08:00 ] 127.0.0.1 /redcenter/index.php/Api/handle/
INFO: [ app_init ] --START--
INFO: Run Behavior\BuildLiteBehavior [ RunTime:0.000000s ]
INFO: [ app_init ] --END-- [ RunTime:0.001000s ]
INFO: [ app_begin ] --START--
INFO: Run Behavior\ReadHtmlCacheBehavior [ RunTime:0.001000s ]
INFO: [ app_begin ] --END-- [ RunTime:0.001000s ]
NOTIC: [8192] mysql_connect(): The mysql extension is deprecated and will be removed in the future: use mysqli or PDO instead D:\wamp\www\RedCenter\ThinkPHP\Library\Think\Db\Driver\Mysql.class.php 第 52 行.
SQL: SHOW COLUMNS FROM `action` [ RunTime:0.050003s ]
SQL: SELECT * FROM `action` WHERE `type` = 'watchWeixin' LIMIT 1   [ RunTime:0.049003s ]
NOTIC: [8] Use of undefined constant act - assumed 'act' D:\wamp\www\RedCenter\RedCenter\Api\Controller\HandleController.class.php 第 13 行.
SQL: SHOW COLUMNS FROM `project_token` [ RunTime:0.051003s ]
SQL: SELECT * FROM `project_token` WHERE `token` = 'sdgadfasdfasdfqergg' LIMIT 1   [ RunTime:0.050003s ]
SQL: SHOW COLUMNS FROM `user_member` [ RunTime:0.050003s ]
SQL: SELECT * FROM `user_member` WHERE `id` = 4 LIMIT 1   [ RunTime:0.051003s ]

[ 2015-04-02T11:38:39+08:00 ] 127.0.0.1 /redcenter/index.php/Api/handle/
INFO: [ app_init ] --START--
INFO: Run Behavior\BuildLiteBehavior [ RunTime:0.000000s ]
INFO: [ app_init ] --END-- [ RunTime:0.001000s ]
INFO: [ app_begin ] --START--
INFO: Run Behavior\ReadHtmlCacheBehavior [ RunTime:0.000000s ]
INFO: [ app_begin ] --END-- [ RunTime:0.001001s ]
NOTIC: [8192] mysql_connect(): The mysql extension is deprecated and will be removed in the future: use mysqli or PDO instead D:\wamp\www\RedCenter\ThinkPHP\Library\Think\Db\Driver\Mysql.class.php 第 52 行.
SQL: SHOW COLUMNS FROM `action` [ RunTime:0.047002s ]
SQL: SELECT * FROM `action` WHERE `type` = 'watchWeixin' LIMIT 1   [ RunTime:0.045003s ]
NOTIC: [8] Use of undefined constant act - assumed 'act' D:\wamp\www\RedCenter\RedCenter\Api\Controller\HandleController.class.php 第 13 行.
SQL: SHOW COLUMNS FROM `project_token` [ RunTime:0.046003s ]
SQL: SELECT * FROM `project_token` WHERE `token` = 'sdgadfasdfasdfqergg' LIMIT 1   [ RunTime:0.045002s ]
SQL: SHOW COLUMNS FROM `user_member` [ RunTime:0.047003s ]
SQL: SELECT * FROM `user_member` WHERE `id` = 4 LIMIT 1   [ RunTime:0.046003s ]

[ 2015-04-02T11:38:57+08:00 ] 127.0.0.1 /redcenter/index.php/Api/handle/
INFO: [ app_init ] --START--
INFO: Run Behavior\BuildLiteBehavior [ RunTime:0.000000s ]
INFO: [ app_init ] --END-- [ RunTime:0.001000s ]
INFO: [ app_begin ] --START--
INFO: Run Behavior\ReadHtmlCacheBehavior [ RunTime:0.001000s ]
INFO: [ app_begin ] --END-- [ RunTime:0.001000s ]
NOTIC: [8192] mysql_connect(): The mysql extension is deprecated and will be removed in the future: use mysqli or PDO instead D:\wamp\www\RedCenter\ThinkPHP\Library\Think\Db\Driver\Mysql.class.php 第 52 行.
SQL: SHOW COLUMNS FROM `action` [ RunTime:0.052003s ]
SQL: SELECT * FROM `action` WHERE `type` = 'watchWeixin' LIMIT 1   [ RunTime:0.052003s ]
NOTIC: [8] Use of undefined constant act - assumed 'act' D:\wamp\www\RedCenter\RedCenter\Api\Controller\HandleController.class.php 第 13 行.
SQL: SHOW COLUMNS FROM `project_token` [ RunTime:0.052003s ]
SQL: SELECT * FROM `project_token` WHERE `token` = 'sdgadfasdfasdfqergg' LIMIT 1   [ RunTime:0.052003s ]
SQL: SHOW COLUMNS FROM `user_member` [ RunTime:0.052003s ]
SQL: SELECT * FROM `user_member` WHERE `id` = 4 LIMIT 1   [ RunTime:0.052003s ]

[ 2015-04-02T11:39:29+08:00 ] 127.0.0.1 /redcenter/index.php/Api/handle/
INFO: [ app_init ] --START--
INFO: Run Behavior\BuildLiteBehavior [ RunTime:0.000000s ]
INFO: [ app_init ] --END-- [ RunTime:0.001000s ]
INFO: [ app_begin ] --START--
INFO: Run Behavior\ReadHtmlCacheBehavior [ RunTime:0.001001s ]
INFO: [ app_begin ] --END-- [ RunTime:0.001001s ]
NOTIC: [8192] mysql_connect(): The mysql extension is deprecated and will be removed in the future: use mysqli or PDO instead D:\wamp\www\RedCenter\ThinkPHP\Library\Think\Db\Driver\Mysql.class.php 第 52 行.
SQL: SHOW COLUMNS FROM `action` [ RunTime:0.052003s ]
SQL: SELECT * FROM `action` WHERE `type` = 'watchWeixin' LIMIT 1   [ RunTime:0.051003s ]
NOTIC: [8] Use of undefined constant act - assumed 'act' D:\wamp\www\RedCenter\RedCenter\Api\Controller\HandleController.class.php 第 13 行.
SQL: SHOW COLUMNS FROM `project_token` [ RunTime:0.051003s ]
SQL: SELECT * FROM `project_token` WHERE `token` = 'sdgadfasdfasdfqergg' LIMIT 1   [ RunTime:0.051003s ]
SQL: SHOW COLUMNS FROM `user_member` [ RunTime:0.051003s ]
SQL: SELECT * FROM `user_member` WHERE `id` = 4 LIMIT 1   [ RunTime:0.051003s ]

[ 2015-04-02T11:40:14+08:00 ] 127.0.0.1 /redcenter/index.php/Api/handle/
INFO: [ app_init ] --START--
INFO: Run Behavior\BuildLiteBehavior [ RunTime:0.000000s ]
INFO: [ app_init ] --END-- [ RunTime:0.001000s ]
INFO: [ app_begin ] --START--
INFO: Run Behavior\ReadHtmlCacheBehavior [ RunTime:0.000000s ]
INFO: [ app_begin ] --END-- [ RunTime:0.001000s ]
NOTIC: [8192] mysql_connect(): The mysql extension is deprecated and will be removed in the future: use mysqli or PDO instead D:\wamp\www\RedCenter\ThinkPHP\Library\Think\Db\Driver\Mysql.class.php 第 52 行.
SQL: SHOW COLUMNS FROM `action` [ RunTime:0.047003s ]
SQL: SELECT * FROM `action` WHERE `type` = 'watchWeixin' LIMIT 1   [ RunTime:0.046003s ]
NOTIC: [8] Use of undefined constant act - assumed 'act' D:\wamp\www\RedCenter\RedCenter\Api\Controller\HandleController.class.php 第 49 行.
SQL: SHOW COLUMNS FROM `project_token` [ RunTime:0.046002s ]
SQL: SELECT * FROM `project_token` WHERE `token` = 'sdgadfasdfasdfqergg' LIMIT 1   [ RunTime:0.046003s ]
SQL: SHOW COLUMNS FROM `user_member` [ RunTime:0.047003s ]
SQL: SELECT * FROM `user_member` WHERE `id` = 4 LIMIT 1   [ RunTime:0.047003s ]

[ 2015-04-02T11:40:16+08:00 ] 127.0.0.1 /redcenter/index.php/Api/handle/
INFO: [ app_init ] --START--
INFO: Run Behavior\BuildLiteBehavior [ RunTime:0.000000s ]
INFO: [ app_init ] --END-- [ RunTime:0.001000s ]
INFO: [ app_begin ] --START--
INFO: Run Behavior\ReadHtmlCacheBehavior [ RunTime:0.000000s ]
INFO: [ app_begin ] --END-- [ RunTime:0.001000s ]
NOTIC: [8192] mysql_connect(): The mysql extension is deprecated and will be removed in the future: use mysqli or PDO instead D:\wamp\www\RedCenter\ThinkPHP\Library\Think\Db\Driver\Mysql.class.php 第 52 行.
SQL: SHOW COLUMNS FROM `action` [ RunTime:0.052003s ]
SQL: SELECT * FROM `action` WHERE `type` = 'watchWeixin' LIMIT 1   [ RunTime:0.051003s ]
NOTIC: [8] Use of undefined constant act - assumed 'act' D:\wamp\www\RedCenter\RedCenter\Api\Controller\HandleController.class.php 第 49 行.
SQL: SHOW COLUMNS FROM `project_token` [ RunTime:0.051003s ]
SQL: SELECT * FROM `project_token` WHERE `token` = 'sdgadfasdfasdfqergg' LIMIT 1   [ RunTime:0.051003s ]
SQL: SHOW COLUMNS FROM `user_member` [ RunTime:0.052003s ]
SQL: SELECT * FROM `user_member` WHERE `id` = 4 LIMIT 1   [ RunTime:0.052003s ]

[ 2015-04-02T11:40:18+08:00 ] 127.0.0.1 /redcenter/index.php/Api/handle/
INFO: [ app_init ] --START--
INFO: Run Behavior\BuildLiteBehavior [ RunTime:0.000000s ]
INFO: [ app_init ] --END-- [ RunTime:0.001000s ]
INFO: [ app_begin ] --START--
INFO: Run Behavior\ReadHtmlCacheBehavior [ RunTime:0.001000s ]
INFO: [ app_begin ] --END-- [ RunTime:0.001000s ]
NOTIC: [8192] mysql_connect(): The mysql extension is deprecated and will be removed in the future: use mysqli or PDO instead D:\wamp\www\RedCenter\ThinkPHP\Library\Think\Db\Driver\Mysql.class.php 第 52 行.
SQL: SHOW COLUMNS FROM `action` [ RunTime:0.051003s ]
SQL: SELECT * FROM `action` WHERE `type` = 'watchWeixin' LIMIT 1   [ RunTime:0.051003s ]
NOTIC: [8] Use of undefined constant act - assumed 'act' D:\wamp\www\RedCenter\RedCenter\Api\Controller\HandleController.class.php 第 49 行.
SQL: SHOW COLUMNS FROM `project_token` [ RunTime:0.052003s ]
SQL: SELECT * FROM `project_token` WHERE `token` = 'sdgadfasdfasdfqergg' LIMIT 1   [ RunTime:0.051003s ]
SQL: SHOW COLUMNS FROM `user_member` [ RunTime:0.052003s ]
SQL: SELECT * FROM `user_member` WHERE `id` = 4 LIMIT 1   [ RunTime:0.052003s ]

[ 2015-04-02T11:40:36+08:00 ] 127.0.0.1 /redcenter/index.php/Api/handle/
INFO: [ app_init ] --START--
INFO: Run Behavior\BuildLiteBehavior [ RunTime:0.000000s ]
INFO: [ app_init ] --END-- [ RunTime:0.001001s ]
INFO: [ app_begin ] --START--
INFO: Run Behavior\ReadHtmlCacheBehavior [ RunTime:0.004000s ]
INFO: [ app_begin ] --END-- [ RunTime:0.005000s ]
NOTIC: [8192] mysql_connect(): The mysql extension is deprecated and will be removed in the future: use mysqli or PDO instead D:\wamp\www\RedCenter\ThinkPHP\Library\Think\Db\Driver\Mysql.class.php 第 52 行.
SQL: SHOW COLUMNS FROM `action` [ RunTime:0.047003s ]
SQL: SELECT * FROM `action` WHERE `type` = 'watchWeixin' LIMIT 1   [ RunTime:0.047002s ]
NOTIC: [8] Use of undefined constant act - assumed 'act' D:\wamp\www\RedCenter\RedCenter\Api\Controller\HandleController.class.php 第 49 行.
SQL: SHOW COLUMNS FROM `project_token` [ RunTime:0.046002s ]
SQL: SELECT * FROM `project_token` WHERE `token` = 'sdgadfasdfasdfqergg' LIMIT 1   [ RunTime:0.046003s ]
SQL: SHOW COLUMNS FROM `user_member` [ RunTime:0.047003s ]
SQL: SELECT * FROM `user_member` WHERE `id` = 4 LIMIT 1   [ RunTime:0.047003s ]

[ 2015-04-02T11:40:38+08:00 ] 127.0.0.1 /redcenter/index.php/Api/handle/
INFO: [ app_init ] --START--
INFO: Run Behavior\BuildLiteBehavior [ RunTime:0.000000s ]
INFO: [ app_init ] --END-- [ RunTime:0.001000s ]
INFO: [ app_begin ] --START--
INFO: Run Behavior\ReadHtmlCacheBehavior [ RunTime:0.000000s ]
INFO: [ app_begin ] --END-- [ RunTime:0.001000s ]
NOTIC: [8192] mysql_connect(): The mysql extension is deprecated and will be removed in the future: use mysqli or PDO instead D:\wamp\www\RedCenter\ThinkPHP\Library\Think\Db\Driver\Mysql.class.php 第 52 行.
SQL: SHOW COLUMNS FROM `action` [ RunTime:0.051003s ]
SQL: SELECT * FROM `action` WHERE `type` = 'watchWeixin' LIMIT 1   [ RunTime:0.051003s ]
NOTIC: [8] Use of undefined constant act - assumed 'act' D:\wamp\www\RedCenter\RedCenter\Api\Controller\HandleController.class.php 第 49 行.
SQL: SHOW COLUMNS FROM `project_token` [ RunTime:0.052003s ]
SQL: SELECT * FROM `project_token` WHERE `token` = 'sdgadfasdfasdfqergg' LIMIT 1   [ RunTime:0.051003s ]
SQL: SHOW COLUMNS FROM `user_member` [ RunTime:0.052003s ]
SQL: SELECT * FROM `user_member` WHERE `id` = 4 LIMIT 1   [ RunTime:0.051003s ]

[ 2015-04-02T11:43:00+08:00 ] 127.0.0.1 /redcenter/index.php/Api/handle/
INFO: [ app_init ] --START--
INFO: Run Behavior\BuildLiteBehavior [ RunTime:0.000000s ]
INFO: [ app_init ] --END-- [ RunTime:0.003000s ]
INFO: [ app_begin ] --START--
INFO: Run Behavior\ReadHtmlCacheBehavior [ RunTime:0.001000s ]
INFO: [ app_begin ] --END-- [ RunTime:0.001000s ]
NOTIC: [8192] mysql_connect(): The mysql extension is deprecated and will be removed in the future: use mysqli or PDO instead D:\wamp\www\RedCenter\ThinkPHP\Library\Think\Db\Driver\Mysql.class.php 第 52 行.
SQL: SHOW COLUMNS FROM `action` [ RunTime:0.046003s ]
SQL: SELECT * FROM `action` WHERE `type` = 'watchWeixin' LIMIT 1   [ RunTime:0.046002s ]
NOTIC: [8] Use of undefined constant act - assumed 'act' D:\wamp\www\RedCenter\RedCenter\Api\Controller\HandleController.class.php 第 13 行.
SQL: SHOW COLUMNS FROM `project_token` [ RunTime:0.047002s ]
SQL: SELECT * FROM `project_token` WHERE `token` = 'sdgadfasdfasdfqergg' LIMIT 1   [ RunTime:0.046003s ]
SQL: SHOW COLUMNS FROM `user_member` [ RunTime:0.046003s ]
SQL: SELECT * FROM `user_member` WHERE `id` = 4 LIMIT 1   [ RunTime:0.046002s ]

[ 2015-04-02T11:46:10+08:00 ] 127.0.0.1 /redcenter/index.php/Api/handle/
INFO: [ app_init ] --START--
INFO: Run Behavior\BuildLiteBehavior [ RunTime:0.000000s ]
INFO: [ app_init ] --END-- [ RunTime:0.001000s ]
INFO: [ app_begin ] --START--
INFO: Run Behavior\ReadHtmlCacheBehavior [ RunTime:0.000000s ]
INFO: [ app_begin ] --END-- [ RunTime:0.001000s ]
NOTIC: [8192] mysql_connect(): The mysql extension is deprecated and will be removed in the future: use mysqli or PDO instead D:\wamp\www\RedCenter\ThinkPHP\Library\Think\Db\Driver\Mysql.class.php 第 52 行.
SQL: SHOW COLUMNS FROM `action` [ RunTime:0.051003s ]
SQL: SELECT * FROM `action` WHERE `type` = 'watchWeixin' LIMIT 1   [ RunTime:0.050003s ]
NOTIC: [8] Use of undefined constant act - assumed 'act' D:\wamp\www\RedCenter\RedCenter\Api\Controller\HandleController.class.php 第 13 行.
SQL: SHOW COLUMNS FROM `project_token` [ RunTime:0.050003s ]
SQL: SELECT * FROM `project_token` WHERE `token` = 'sdgadfasdfasdfqergg' LIMIT 1   [ RunTime:0.051003s ]
SQL: SHOW COLUMNS FROM `user_member` [ RunTime:0.051003s ]
SQL: SELECT * FROM `user_member` WHERE `id` = 4 LIMIT 1   [ RunTime:0.051003s ]
SQL: SHOW COLUMNS FROM `user_log` [ RunTime:0.050003s ]
SQL: SELECT * FROM `user_log` WHERE `user_id` = '4' AND `create_time` <= 1427990399 AND `project` = '微信' AND `action` = '关注微信'  [ RunTime:0.051003s ]
NOTIC: [8] Undefined variable: todayScore D:\wamp\www\RedCenter\RedCenter\Api\Common\function.php 第 31 行.

[ 2015-04-02T12:10:13+08:00 ] 127.0.0.1 /redcenter/index.php/Api/handle/
INFO: [ app_init ] --START--
INFO: Run Behavior\BuildLiteBehavior [ RunTime:0.001000s ]
INFO: [ app_init ] --END-- [ RunTime:0.006000s ]
INFO: [ app_begin ] --START--
INFO: Run Behavior\ReadHtmlCacheBehavior [ RunTime:0.001000s ]
INFO: [ app_begin ] --END-- [ RunTime:0.002000s ]
NOTIC: [8192] mysql_connect(): The mysql extension is deprecated and will be removed in the future: use mysqli or PDO instead D:\wamp\www\RedCenter\ThinkPHP\Library\Think\Db\Driver\Mysql.class.php 第 52 行.
SQL: SHOW COLUMNS FROM `action` [ RunTime:0.046003s ]
SQL: SELECT * FROM `action` WHERE `type` = 'watchWeixin' LIMIT 1   [ RunTime:0.046002s ]
NOTIC: [8] Use of undefined constant act - assumed 'act' D:\wamp\www\RedCenter\RedCenter\Api\Controller\HandleController.class.php 第 13 行.
SQL: SHOW COLUMNS FROM `project_token` [ RunTime:0.045003s ]
SQL: SELECT * FROM `project_token` WHERE `token` = 'sdgadfasdfasdfqergg' LIMIT 1   [ RunTime:0.045003s ]
SQL: SHOW COLUMNS FROM `user_log` [ RunTime:0.046002s ]
SQL: SELECT * FROM `user_log` WHERE `user_id` = '4' AND `create_time` <= 1427990399 AND `project` = '微信' AND `action` = '关注微信'  [ RunTime:0.045002s ]
NOTIC: [8] Undefined variable: todayScore D:\wamp\www\RedCenter\RedCenter\Api\Common\function.php 第 31 行.
SQL: INSERT INTO `user_log` (`user_id`,`create_time`,`project`,`action`,`score`) VALUES (4,1427947813,'微信','关注微信',5) [ RunTime:0.063004s ]
SQL: SHOW COLUMNS FROM `user_member` [ RunTime:0.046003s ]
SQL: SELECT * FROM `user_member` WHERE `id` = 4 LIMIT 1   [ RunTime:0.046002s ]

[ 2015-04-02T12:10:19+08:00 ] 127.0.0.1 /redcenter/index.php/Api/handle/
INFO: [ app_init ] --START--
INFO: Run Behavior\BuildLiteBehavior [ RunTime:0.000000s ]
INFO: [ app_init ] --END-- [ RunTime:0.001000s ]
INFO: [ app_begin ] --START--
INFO: Run Behavior\ReadHtmlCacheBehavior [ RunTime:0.001000s ]
INFO: [ app_begin ] --END-- [ RunTime:0.001000s ]
NOTIC: [8192] mysql_connect(): The mysql extension is deprecated and will be removed in the future: use mysqli or PDO instead D:\wamp\www\RedCenter\ThinkPHP\Library\Think\Db\Driver\Mysql.class.php 第 52 行.
SQL: SHOW COLUMNS FROM `action` [ RunTime:0.047002s ]
SQL: SELECT * FROM `action` WHERE `type` = 'watchWeixin' LIMIT 1   [ RunTime:0.046003s ]
NOTIC: [8] Use of undefined constant act - assumed 'act' D:\wamp\www\RedCenter\RedCenter\Api\Controller\HandleController.class.php 第 13 行.
SQL: SHOW COLUMNS FROM `project_token` [ RunTime:0.046003s ]
SQL: SELECT * FROM `project_token` WHERE `token` = 'sdgadfasdfasdfqergg' LIMIT 1   [ RunTime:0.046002s ]
SQL: SHOW COLUMNS FROM `user_log` [ RunTime:0.046003s ]
SQL: SELECT * FROM `user_log` WHERE `user_id` = '4' AND `create_time` <= 1427990399 AND `project` = '微信' AND `action` = '关注微信'  [ RunTime:0.046003s ]
NOTIC: [8] Undefined variable: todayScore D:\wamp\www\RedCenter\RedCenter\Api\Common\function.php 第 31 行.
SQL: INSERT INTO `user_log` (`user_id`,`create_time`,`project`,`action`,`score`) VALUES (4,1427947819,'微信','关注微信',5) [ RunTime:0.054003s ]
SQL: SHOW COLUMNS FROM `user_member` [ RunTime:0.046003s ]
SQL: SELECT * FROM `user_member` WHERE `id` = 4 LIMIT 1   [ RunTime:0.046003s ]

[ 2015-04-02T12:11:15+08:00 ] 127.0.0.1 /redcenter/index.php/Api/handle/
INFO: [ app_init ] --START--
INFO: Run Behavior\BuildLiteBehavior [ RunTime:0.001000s ]
INFO: [ app_init ] --END-- [ RunTime:0.001000s ]
INFO: [ app_begin ] --START--
INFO: Run Behavior\ReadHtmlCacheBehavior [ RunTime:0.000000s ]
INFO: [ app_begin ] --END-- [ RunTime:0.001000s ]
NOTIC: [8192] mysql_connect(): The mysql extension is deprecated and will be removed in the future: use mysqli or PDO instead D:\wamp\www\RedCenter\ThinkPHP\Library\Think\Db\Driver\Mysql.class.php 第 52 行.
SQL: SHOW COLUMNS FROM `action` [ RunTime:0.047003s ]
SQL: SELECT * FROM `action` WHERE `type` = 'watchWeixin' LIMIT 1   [ RunTime:0.047003s ]
NOTIC: [8] Use of undefined constant act - assumed 'act' D:\wamp\www\RedCenter\RedCenter\Api\Controller\HandleController.class.php 第 13 行.
SQL: SHOW COLUMNS FROM `project_token` [ RunTime:0.046002s ]
SQL: SELECT * FROM `project_token` WHERE `token` = 'sdgadfasdfasdfqergg' LIMIT 1   [ RunTime:0.046003s ]
SQL: SHOW COLUMNS FROM `user_log` [ RunTime:0.047003s ]
SQL: SELECT * FROM `user_log` WHERE `user_id` = '4' AND `create_time` <= 1427990399 AND `project` = '微信' AND `action` = '关注微信'  [ RunTime:0.047003s ]
NOTIC: [8] Undefined variable: todayScore D:\wamp\www\RedCenter\RedCenter\Api\Common\function.php 第 31 行.

[ 2015-04-02T12:11:30+08:00 ] 127.0.0.1 /redcenter/index.php/Api/handle/
INFO: [ app_init ] --START--
INFO: Run Behavior\BuildLiteBehavior [ RunTime:0.000000s ]
INFO: [ app_init ] --END-- [ RunTime:0.000000s ]
INFO: [ app_begin ] --START--
INFO: Run Behavior\ReadHtmlCacheBehavior [ RunTime:0.001000s ]
INFO: [ app_begin ] --END-- [ RunTime:0.001000s ]
NOTIC: [8192] mysql_connect(): The mysql extension is deprecated and will be removed in the future: use mysqli or PDO instead D:\wamp\www\RedCenter\ThinkPHP\Library\Think\Db\Driver\Mysql.class.php 第 52 行.
SQL: SHOW COLUMNS FROM `action` [ RunTime:0.052003s ]
SQL: SELECT * FROM `action` WHERE `type` = 'watchWeixin' LIMIT 1   [ RunTime:0.051003s ]
NOTIC: [8] Use of undefined constant act - assumed 'act' D:\wamp\www\RedCenter\RedCenter\Api\Controller\HandleController.class.php 第 13 行.
SQL: SHOW COLUMNS FROM `project_token` [ RunTime:0.052003s ]
SQL: SELECT * FROM `project_token` WHERE `token` = 'sdgadfasdfasdfqergg' LIMIT 1   [ RunTime:0.051003s ]
SQL: SHOW COLUMNS FROM `user_log` [ RunTime:0.052003s ]
SQL: SELECT * FROM `user_log` WHERE `user_id` = '4' AND `create_time` <= 1427990399 AND `project` = '微信' AND `action` = '关注微信'  [ RunTime:0.052003s ]
NOTIC: [8] Undefined variable: todayScore D:\wamp\www\RedCenter\RedCenter\Api\Common\function.php 第 31 行.

[ 2015-04-02T12:11:58+08:00 ] 127.0.0.1 /redcenter/index.php/Api/handle/
INFO: [ app_init ] --START--
INFO: Run Behavior\BuildLiteBehavior [ RunTime:0.000000s ]
INFO: [ app_init ] --END-- [ RunTime:0.001000s ]
INFO: [ app_begin ] --START--
INFO: Run Behavior\ReadHtmlCacheBehavior [ RunTime:0.001000s ]
INFO: [ app_begin ] --END-- [ RunTime:0.001000s ]
NOTIC: [8192] mysql_connect(): The mysql extension is deprecated and will be removed in the future: use mysqli or PDO instead D:\wamp\www\RedCenter\ThinkPHP\Library\Think\Db\Driver\Mysql.class.php 第 52 行.
SQL: SHOW COLUMNS FROM `action` [ RunTime:0.047002s ]
SQL: SELECT * FROM `action` WHERE `type` = 'watchWeixin' LIMIT 1   [ RunTime:0.047002s ]
NOTIC: [8] Use of undefined constant act - assumed 'act' D:\wamp\www\RedCenter\RedCenter\Api\Controller\HandleController.class.php 第 13 行.
SQL: SHOW COLUMNS FROM `project_token` [ RunTime:0.046003s ]
SQL: SELECT * FROM `project_token` WHERE `token` = 'sdgadfasdfasdfqergg' LIMIT 1   [ RunTime:0.046003s ]
SQL: SHOW COLUMNS FROM `user_log` [ RunTime:0.047002s ]
SQL: SELECT * FROM `user_log` WHERE `user_id` = '4' AND `create_time` <= 1427990399 AND `project` = '微信' AND `action` = '关注微信'  [ RunTime:0.046002s ]
NOTIC: [8] Undefined variable: todayScore D:\wamp\www\RedCenter\RedCenter\Api\Common\function.php 第 31 行.

[ 2015-04-02T12:13:15+08:00 ] 127.0.0.1 /redcenter/index.php/Api/handle/
INFO: [ app_init ] --START--
INFO: Run Behavior\BuildLiteBehavior [ RunTime:0.000000s ]
INFO: [ app_init ] --END-- [ RunTime:0.001000s ]
INFO: [ app_begin ] --START--
INFO: Run Behavior\ReadHtmlCacheBehavior [ RunTime:0.000000s ]
INFO: [ app_begin ] --END-- [ RunTime:0.001000s ]
NOTIC: [8192] mysql_connect(): The mysql extension is deprecated and will be removed in the future: use mysqli or PDO instead D:\wamp\www\RedCenter\ThinkPHP\Library\Think\Db\Driver\Mysql.class.php 第 52 行.
SQL: SHOW COLUMNS FROM `action` [ RunTime:0.048003s ]
SQL: SELECT * FROM `action` WHERE `type` = 'weixinGame' LIMIT 1   [ RunTime:0.046003s ]
NOTIC: [8] Use of undefined constant act - assumed 'act' D:\wamp\www\RedCenter\RedCenter\Api\Controller\HandleController.class.php 第 13 行.
SQL: SHOW COLUMNS FROM `project_token` [ RunTime:0.047003s ]
SQL: SELECT * FROM `project_token` WHERE `token` = 'sdgadfasdfasdfqergg' LIMIT 1   [ RunTime:0.047002s ]
SQL: SHOW COLUMNS FROM `user_log` [ RunTime:0.047003s ]
SQL: SELECT * FROM `user_log` WHERE `user_id` = '4' AND `create_time` <= 1427990399 AND `project` = '微信' AND `action` = '微信游戏'  [ RunTime:0.046003s ]
SQL: INSERT INTO `user_log` (`user_id`,`create_time`,`project`,`action`,`score`) VALUES (4,1427947994,'微信','微信游戏',1) [ RunTime:0.054003s ]
SQL: SHOW COLUMNS FROM `user_member` [ RunTime:0.048003s ]
SQL: SELECT * FROM `user_member` WHERE `id` = 4 LIMIT 1   [ RunTime:0.047003s ]

[ 2015-04-02T12:13:34+08:00 ] 127.0.0.1 /redcenter/index.php/Api/handle/
INFO: [ app_init ] --START--
INFO: Run Behavior\BuildLiteBehavior [ RunTime:0.000000s ]
INFO: [ app_init ] --END-- [ RunTime:0.001000s ]
INFO: [ app_begin ] --START--
INFO: Run Behavior\ReadHtmlCacheBehavior [ RunTime:0.001000s ]
INFO: [ app_begin ] --END-- [ RunTime:0.002000s ]
NOTIC: [8192] mysql_connect(): The mysql extension is deprecated and will be removed in the future: use mysqli or PDO instead D:\wamp\www\RedCenter\ThinkPHP\Library\Think\Db\Driver\Mysql.class.php 第 52 行.
SQL: SHOW COLUMNS FROM `action` [ RunTime:0.046003s ]
SQL: SELECT * FROM `action` WHERE `type` = 'weixinGame' LIMIT 1   [ RunTime:0.045002s ]
NOTIC: [8] Use of undefined constant act - assumed 'act' D:\wamp\www\RedCenter\RedCenter\Api\Controller\HandleController.class.php 第 13 行.
SQL: SHOW COLUMNS FROM `project_token` [ RunTime:0.046003s ]
SQL: SELECT * FROM `project_token` WHERE `token` = 'sdgadfasdfasdfqergg' LIMIT 1   [ RunTime:0.045003s ]
SQL: SHOW COLUMNS FROM `user_log` [ RunTime:0.046002s ]
SQL: SELECT * FROM `user_log` WHERE `user_id` = '4' AND `create_time` <= 1427990399 AND `project` = '微信' AND `action` = '微信游戏'  [ RunTime:0.045002s ]
NOTIC: [8] Undefined variable: todayScore D:\wamp\www\RedCenter\RedCenter\Api\Common\function.php 第 31 行.
SQL: INSERT INTO `user_log` (`user_id`,`create_time`,`project`,`action`,`score`) VALUES (4,1427948014,'微信','微信游戏',1) [ RunTime:0.056004s ]
SQL: SHOW COLUMNS FROM `user_member` [ RunTime:0.047002s ]
SQL: SELECT * FROM `user_member` WHERE `id` = 4 LIMIT 1   [ RunTime:0.046003s ]

[ 2015-04-02T12:13:37+08:00 ] 127.0.0.1 /redcenter/index.php/Api/handle/
INFO: [ app_init ] --START--
INFO: Run Behavior\BuildLiteBehavior [ RunTime:0.000000s ]
INFO: [ app_init ] --END-- [ RunTime:0.001000s ]
INFO: [ app_begin ] --START--
INFO: Run Behavior\ReadHtmlCacheBehavior [ RunTime:0.001000s ]
INFO: [ app_begin ] --END-- [ RunTime:0.001000s ]
NOTIC: [8192] mysql_connect(): The mysql extension is deprecated and will be removed in the future: use mysqli or PDO instead D:\wamp\www\RedCenter\ThinkPHP\Library\Think\Db\Driver\Mysql.class.php 第 52 行.
SQL: SHOW COLUMNS FROM `action` [ RunTime:0.046003s ]
SQL: SELECT * FROM `action` WHERE `type` = 'weixinGame' LIMIT 1   [ RunTime:0.046002s ]
NOTIC: [8] Use of undefined constant act - assumed 'act' D:\wamp\www\RedCenter\RedCenter\Api\Controller\HandleController.class.php 第 13 行.
SQL: SHOW COLUMNS FROM `project_token` [ RunTime:0.046003s ]
SQL: SELECT * FROM `project_token` WHERE `token` = 'sdgadfasdfasdfqergg' LIMIT 1   [ RunTime:0.046003s ]
SQL: SHOW COLUMNS FROM `user_log` [ RunTime:0.045002s ]
SQL: SELECT * FROM `user_log` WHERE `user_id` = '4' AND `create_time` <= 1427990399 AND `project` = '微信' AND `action` = '微信游戏'  [ RunTime:0.045003s ]
NOTIC: [8] Undefined variable: todayScore D:\wamp\www\RedCenter\RedCenter\Api\Common\function.php 第 31 行.
SQL: INSERT INTO `user_log` (`user_id`,`create_time`,`project`,`action`,`score`) VALUES (4,1427948016,'微信','微信游戏',1) [ RunTime:0.050003s ]
SQL: SHOW COLUMNS FROM `user_member` [ RunTime:0.046003s ]
SQL: SELECT * FROM `user_member` WHERE `id` = 4 LIMIT 1   [ RunTime:0.047003s ]

[ 2015-04-02T12:13:38+08:00 ] 127.0.0.1 /redcenter/index.php/Api/handle/
INFO: [ app_init ] --START--
INFO: Run Behavior\BuildLiteBehavior [ RunTime:0.000000s ]
INFO: [ app_init ] --END-- [ RunTime:0.000000s ]
INFO: [ app_begin ] --START--
INFO: Run Behavior\ReadHtmlCacheBehavior [ RunTime:0.001000s ]
INFO: [ app_begin ] --END-- [ RunTime:0.001000s ]
NOTIC: [8192] mysql_connect(): The mysql extension is deprecated and will be removed in the future: use mysqli or PDO instead D:\wamp\www\RedCenter\ThinkPHP\Library\Think\Db\Driver\Mysql.class.php 第 52 行.
SQL: SHOW COLUMNS FROM `action` [ RunTime:0.052003s ]
SQL: SELECT * FROM `action` WHERE `type` = 'weixinGame' LIMIT 1   [ RunTime:0.051003s ]
NOTIC: [8] Use of undefined constant act - assumed 'act' D:\wamp\www\RedCenter\RedCenter\Api\Controller\HandleController.class.php 第 13 行.
SQL: SHOW COLUMNS FROM `project_token` [ RunTime:0.052003s ]
SQL: SELECT * FROM `project_token` WHERE `token` = 'sdgadfasdfasdfqergg' LIMIT 1   [ RunTime:0.051003s ]
SQL: SHOW COLUMNS FROM `user_log` [ RunTime:0.052003s ]
SQL: SELECT * FROM `user_log` WHERE `user_id` = '4' AND `create_time` <= 1427990399 AND `project` = '微信' AND `action` = '微信游戏'  [ RunTime:0.051003s ]
NOTIC: [8] Undefined variable: todayScore D:\wamp\www\RedCenter\RedCenter\Api\Common\function.php 第 31 行.
SQL: INSERT INTO `user_log` (`user_id`,`create_time`,`project`,`action`,`score`) VALUES (4,1427948018,'微信','微信游戏',1) [ RunTime:0.056004s ]
SQL: SHOW COLUMNS FROM `user_member` [ RunTime:0.051003s ]
SQL: SELECT * FROM `user_member` WHERE `id` = 4 LIMIT 1   [ RunTime:0.051003s ]

[ 2015-04-02T12:13:42+08:00 ] 127.0.0.1 /redcenter/index.php/Api/handle/
INFO: [ app_init ] --START--
INFO: Run Behavior\BuildLiteBehavior [ RunTime:0.000000s ]
INFO: [ app_init ] --END-- [ RunTime:0.001000s ]
INFO: [ app_begin ] --START--
INFO: Run Behavior\ReadHtmlCacheBehavior [ RunTime:0.001000s ]
INFO: [ app_begin ] --END-- [ RunTime:0.003000s ]
NOTIC: [8192] mysql_connect(): The mysql extension is deprecated and will be removed in the future: use mysqli or PDO instead D:\wamp\www\RedCenter\ThinkPHP\Library\Think\Db\Driver\Mysql.class.php 第 52 行.
SQL: SHOW COLUMNS FROM `action` [ RunTime:0.047002s ]
SQL: SELECT * FROM `action` WHERE `type` = 'weixinGame' LIMIT 1   [ RunTime:0.046003s ]
NOTIC: [8] Use of undefined constant act - assumed 'act' D:\wamp\www\RedCenter\RedCenter\Api\Controller\HandleController.class.php 第 13 行.
SQL: SHOW COLUMNS FROM `project_token` [ RunTime:0.046003s ]
SQL: SELECT * FROM `project_token` WHERE `token` = 'sdgadfasdfasdfqergg' LIMIT 1   [ RunTime:0.045002s ]
SQL: SHOW COLUMNS FROM `user_log` [ RunTime:0.047002s ]
SQL: SELECT * FROM `user_log` WHERE `user_id` = '4' AND `create_time` <= 1427990399 AND `project` = '微信' AND `action` = '微信游戏'  [ RunTime:0.046003s ]
NOTIC: [8] Undefined variable: todayScore D:\wamp\www\RedCenter\RedCenter\Api\Common\function.php 第 31 行.

[ 2015-04-02T12:14:47+08:00 ] 127.0.0.1 /redcenter/index.php/Api/handle/
INFO: [ app_init ] --START--
INFO: Run Behavior\BuildLiteBehavior [ RunTime:0.000000s ]
INFO: [ app_init ] --END-- [ RunTime:0.001000s ]
INFO: [ app_begin ] --START--
INFO: Run Behavior\ReadHtmlCacheBehavior [ RunTime:0.002001s ]
INFO: [ app_begin ] --END-- [ RunTime:0.002001s ]
NOTIC: [8192] mysql_connect(): The mysql extension is deprecated and will be removed in the future: use mysqli or PDO instead D:\wamp\www\RedCenter\ThinkPHP\Library\Think\Db\Driver\Mysql.class.php 第 52 行.
SQL: SHOW COLUMNS FROM `action` [ RunTime:0.047003s ]
SQL: SELECT * FROM `action` WHERE `type` = 'weixinGame' LIMIT 1   [ RunTime:0.047002s ]
NOTIC: [8] Use of undefined constant act - assumed 'act' D:\wamp\www\RedCenter\RedCenter\Api\Controller\HandleController.class.php 第 13 行.
SQL: SHOW COLUMNS FROM `project_token` [ RunTime:0.047003s ]
SQL: SELECT * FROM `project_token` WHERE `token` = 'sdgadfasdfasdfqergg' LIMIT 1   [ RunTime:0.046003s ]
SQL: SHOW COLUMNS FROM `user_log` [ RunTime:0.047003s ]
SQL: SELECT * FROM `user_log` WHERE `user_id` = '4' AND `create_time` <= 1427990399 AND `project` = '微信' AND `action` = '微信游戏'  [ RunTime:0.047002s ]
NOTIC: [8] Undefined variable: todayScore D:\wamp\www\RedCenter\RedCenter\Api\Common\function.php 第 31 行.
SQL: INSERT INTO `user_log` (`user_id`,`create_time`,`project`,`action`,`score`) VALUES (4,1427948087,'微信','微信游戏',1) [ RunTime:0.056004s ]
SQL: SHOW COLUMNS FROM `user_member` [ RunTime:0.047002s ]
SQL: SELECT * FROM `user_member` WHERE `id` = 4 LIMIT 1   [ RunTime:0.046002s ]

[ 2015-04-02T12:14:51+08:00 ] 127.0.0.1 /redcenter/index.php/Api/handle/
INFO: [ app_init ] --START--
INFO: Run Behavior\BuildLiteBehavior [ RunTime:0.000000s ]
INFO: [ app_init ] --END-- [ RunTime:0.001000s ]
INFO: [ app_begin ] --START--
INFO: Run Behavior\ReadHtmlCacheBehavior [ RunTime:0.001000s ]
INFO: [ app_begin ] --END-- [ RunTime:0.002000s ]
NOTIC: [8192] mysql_connect(): The mysql extension is deprecated and will be removed in the future: use mysqli or PDO instead D:\wamp\www\RedCenter\ThinkPHP\Library\Think\Db\Driver\Mysql.class.php 第 52 行.
SQL: SHOW COLUMNS FROM `action` [ RunTime:0.047003s ]
SQL: SELECT * FROM `action` WHERE `type` = 'weixinGame' LIMIT 1   [ RunTime:0.046003s ]
NOTIC: [8] Use of undefined constant act - assumed 'act' D:\wamp\www\RedCenter\RedCenter\Api\Controller\HandleController.class.php 第 13 行.
SQL: SHOW COLUMNS FROM `project_token` [ RunTime:0.046003s ]
SQL: SELECT * FROM `project_token` WHERE `token` = 'sdgadfasdfasdfqergg' LIMIT 1   [ RunTime:0.046002s ]
SQL: SHOW COLUMNS FROM `user_log` [ RunTime:0.046003s ]
SQL: SELECT * FROM `user_log` WHERE `user_id` = '4' AND `create_time` <= 1427990399 AND `project` = '微信' AND `action` = '微信游戏'  [ RunTime:0.045003s ]
NOTIC: [8] Undefined variable: todayScore D:\wamp\www\RedCenter\RedCenter\Api\Common\function.php 第 31 行.
SQL: INSERT INTO `user_log` (`user_id`,`create_time`,`project`,`action`,`score`) VALUES (4,1427948090,'微信','微信游戏',1) [ RunTime:0.052003s ]
SQL: SHOW COLUMNS FROM `user_member` [ RunTime:0.047003s ]
SQL: SELECT * FROM `user_member` WHERE `id` = 4 LIMIT 1   [ RunTime:0.047002s ]

[ 2015-04-02T12:14:55+08:00 ] 127.0.0.1 /redcenter/index.php/Api/handle/
INFO: [ app_init ] --START--
INFO: Run Behavior\BuildLiteBehavior [ RunTime:0.000000s ]
INFO: [ app_init ] --END-- [ RunTime:0.001000s ]
INFO: [ app_begin ] --START--
INFO: Run Behavior\ReadHtmlCacheBehavior [ RunTime:0.001000s ]
INFO: [ app_begin ] --END-- [ RunTime:0.001000s ]
NOTIC: [8192] mysql_connect(): The mysql extension is deprecated and will be removed in the future: use mysqli or PDO instead D:\wamp\www\RedCenter\ThinkPHP\Library\Think\Db\Driver\Mysql.class.php 第 52 行.
SQL: SHOW COLUMNS FROM `action` [ RunTime:0.047003s ]
SQL: SELECT * FROM `action` WHERE `type` = 'weixinGame' LIMIT 1   [ RunTime:0.046002s ]
NOTIC: [8] Use of undefined constant act - assumed 'act' D:\wamp\www\RedCenter\RedCenter\Api\Controller\HandleController.class.php 第 13 行.
SQL: SHOW COLUMNS FROM `project_token` [ RunTime:0.046003s ]
SQL: SELECT * FROM `project_token` WHERE `token` = 'sdgadfasdfasdfqergg' LIMIT 1   [ RunTime:0.046003s ]
SQL: SHOW COLUMNS FROM `user_log` [ RunTime:0.046002s ]
SQL: SELECT * FROM `user_log` WHERE `user_id` = '4' AND `create_time` <= 1427990399 AND `project` = '微信' AND `action` = '微信游戏'  [ RunTime:0.046002s ]
NOTIC: [8] Undefined variable: todayScore D:\wamp\www\RedCenter\RedCenter\Api\Common\function.php 第 31 行.

[ 2015-04-02T12:16:10+08:00 ] 127.0.0.1 /redcenter/index.php/Api/handle/
INFO: [ app_init ] --START--
INFO: Run Behavior\BuildLiteBehavior [ RunTime:0.000000s ]
INFO: [ app_init ] --END-- [ RunTime:0.001000s ]
INFO: [ app_begin ] --START--
INFO: Run Behavior\ReadHtmlCacheBehavior [ RunTime:0.001000s ]
INFO: [ app_begin ] --END-- [ RunTime:0.001000s ]
NOTIC: [8192] mysql_connect(): The mysql extension is deprecated and will be removed in the future: use mysqli or PDO instead D:\wamp\www\RedCenter\ThinkPHP\Library\Think\Db\Driver\Mysql.class.php 第 52 行.
SQL: SHOW COLUMNS FROM `action` [ RunTime:0.047003s ]
SQL: SELECT * FROM `action` WHERE `type` = 'weixinGame' LIMIT 1   [ RunTime:0.046003s ]
NOTIC: [8] Use of undefined constant act - assumed 'act' D:\wamp\www\RedCenter\RedCenter\Api\Controller\HandleController.class.php 第 13 行.
SQL: SHOW COLUMNS FROM `project_token` [ RunTime:0.046002s ]
SQL: SELECT * FROM `project_token` WHERE `token` = 'sdgadfasdfasdfqergg' LIMIT 1   [ RunTime:0.046003s ]
SQL: SHOW COLUMNS FROM `user_log` [ RunTime:0.046003s ]
SQL: SELECT * FROM `user_log` WHERE `user_id` = '4' AND `create_time` <= 1427990399 AND `project` = '微信' AND `action` = '微信游戏'  [ RunTime:0.046003s ]
SQL: INSERT INTO `user_log` (`user_id`,`create_time`,`project`,`action`,`score`) VALUES (4,1427948170,'微信','微信游戏',1) [ RunTime:0.052003s ]
SQL: SHOW COLUMNS FROM `user_member` [ RunTime:0.046002s ]
SQL: SELECT * FROM `user_member` WHERE `id` = 4 LIMIT 1   [ RunTime:0.046003s ]

[ 2015-04-02T12:17:01+08:00 ] 127.0.0.1 /redcenter/index.php/Api/handle/
INFO: [ app_init ] --START--
INFO: Run Behavior\BuildLiteBehavior [ RunTime:0.000000s ]
INFO: [ app_init ] --END-- [ RunTime:0.001000s ]
INFO: [ app_begin ] --START--
INFO: Run Behavior\ReadHtmlCacheBehavior [ RunTime:0.001000s ]
INFO: [ app_begin ] --END-- [ RunTime:0.001000s ]
NOTIC: [8192] mysql_connect(): The mysql extension is deprecated and will be removed in the future: use mysqli or PDO instead D:\wamp\www\RedCenter\ThinkPHP\Library\Think\Db\Driver\Mysql.class.php 第 52 行.
SQL: SHOW COLUMNS FROM `action` [ RunTime:0.052003s ]
SQL: SELECT * FROM `action` WHERE `type` = 'weixinGame' LIMIT 1   [ RunTime:0.051003s ]
NOTIC: [8] Use of undefined constant act - assumed 'act' D:\wamp\www\RedCenter\RedCenter\Api\Controller\HandleController.class.php 第 13 行.
SQL: SHOW COLUMNS FROM `project_token` [ RunTime:0.052003s ]
SQL: SELECT * FROM `project_token` WHERE `token` = 'sdgadfasdfasdfqergg' LIMIT 1   [ RunTime:0.051003s ]
SQL: SHOW COLUMNS FROM `user_log` [ RunTime:0.052003s ]
SQL: SELECT * FROM `user_log` WHERE `user_id` = '4' AND `create_time` <= 1427990399 AND `project` = '微信' AND `action` = '微信游戏'  [ RunTime:0.051003s ]
NOTIC: [8] Undefined variable: todayScore D:\wamp\www\RedCenter\RedCenter\Api\Common\function.php 第 31 行.
SQL: INSERT INTO `user_log` (`user_id`,`create_time`,`project`,`action`,`score`) VALUES (4,1427948220,'微信','微信游戏',1) [ RunTime:0.058003s ]
SQL: SHOW COLUMNS FROM `user_member` [ RunTime:0.052003s ]
SQL: SELECT * FROM `user_member` WHERE `id` = 4 LIMIT 1   [ RunTime:0.052002s ]

[ 2015-04-02T12:18:06+08:00 ] 127.0.0.1 /redcenter/index.php/Api/handle/
INFO: [ app_init ] --START--
INFO: Run Behavior\BuildLiteBehavior [ RunTime:0.000000s ]
INFO: [ app_init ] --END-- [ RunTime:0.006001s ]
INFO: [ app_begin ] --START--
INFO: Run Behavior\ReadHtmlCacheBehavior [ RunTime:0.001000s ]
INFO: [ app_begin ] --END-- [ RunTime:0.001000s ]
NOTIC: [8192] mysql_connect(): The mysql extension is deprecated and will be removed in the future: use mysqli or PDO instead D:\wamp\www\RedCenter\ThinkPHP\Library\Think\Db\Driver\Mysql.class.php 第 52 行.
SQL: SHOW COLUMNS FROM `action` [ RunTime:0.052003s ]
SQL: SELECT * FROM `action` WHERE `type` = 'weixinGame' LIMIT 1   [ RunTime:0.052003s ]
NOTIC: [8] Use of undefined constant act - assumed 'act' D:\wamp\www\RedCenter\RedCenter\Api\Controller\HandleController.class.php 第 13 行.
SQL: SHOW COLUMNS FROM `project_token` [ RunTime:0.052003s ]
SQL: SELECT * FROM `project_token` WHERE `token` = 'sdgadfasdfasdfqergg' LIMIT 1   [ RunTime:0.052003s ]
SQL: SHOW COLUMNS FROM `user_log` [ RunTime:0.053003s ]
SQL: SELECT * FROM `user_log` WHERE `user_id` = '4' AND `create_time` <= 1427990399 AND `project` = '微信' AND `action` = '微信游戏'  [ RunTime:0.052003s ]
NOTIC: [8] Undefined variable: todayScore D:\wamp\www\RedCenter\RedCenter\Api\Common\function.php 第 31 行.
SQL: INSERT INTO `user_log` (`user_id`,`create_time`,`project`,`action`,`score`) VALUES (4,1427948286,'微信','微信游戏',1) [ RunTime:0.063004s ]
SQL: SHOW COLUMNS FROM `user_member` [ RunTime:0.052003s ]
SQL: SELECT * FROM `user_member` WHERE `id` = 4 LIMIT 1   [ RunTime:0.053003s ]
SQL: UPDATE `user_member` SET `score`=1 WHERE `id` = 4 [ RunTime:0.058003s ]

[ 2015-04-02T12:18:31+08:00 ] 127.0.0.1 /redcenter/index.php/Api/handle/
INFO: [ app_init ] --START--
INFO: Run Behavior\BuildLiteBehavior [ RunTime:0.001000s ]
INFO: [ app_init ] --END-- [ RunTime:0.001000s ]
INFO: [ app_begin ] --START--
INFO: Run Behavior\ReadHtmlCacheBehavior [ RunTime:0.002000s ]
INFO: [ app_begin ] --END-- [ RunTime:0.002000s ]
NOTIC: [8192] mysql_connect(): The mysql extension is deprecated and will be removed in the future: use mysqli or PDO instead D:\wamp\www\RedCenter\ThinkPHP\Library\Think\Db\Driver\Mysql.class.php 第 52 行.
SQL: SHOW COLUMNS FROM `action` [ RunTime:0.046002s ]
SQL: SELECT * FROM `action` WHERE `type` = 'weixinGame' LIMIT 1   [ RunTime:0.047003s ]
NOTIC: [8] Use of undefined constant act - assumed 'act' D:\wamp\www\RedCenter\RedCenter\Api\Controller\HandleController.class.php 第 13 行.
SQL: SHOW COLUMNS FROM `project_token` [ RunTime:0.046003s ]
SQL: SELECT * FROM `project_token` WHERE `token` = 'sdgadfasdfasdfqergg' LIMIT 1   [ RunTime:0.046003s ]
SQL: SHOW COLUMNS FROM `user_log` [ RunTime:0.047002s ]
SQL: SELECT * FROM `user_log` WHERE `user_id` = '4' AND `create_time` <= 1427990399 AND `project` = '微信' AND `action` = '微信游戏'  [ RunTime:0.046003s ]
NOTIC: [8] Undefined variable: todayScore D:\wamp\www\RedCenter\RedCenter\Api\Common\function.php 第 31 行.
SQL: INSERT INTO `user_log` (`user_id`,`create_time`,`project`,`action`,`score`) VALUES (4,1427948311,'微信','微信游戏',1) [ RunTime:0.053003s ]
SQL: SHOW COLUMNS FROM `user_member` [ RunTime:0.048003s ]
SQL: SELECT * FROM `user_member` WHERE `id` = 4 LIMIT 1   [ RunTime:0.047003s ]
SQL: UPDATE `user_member` SET `score`=2 WHERE `id` = 4 [ RunTime:0.050003s ]

[ 2015-04-02T12:18:33+08:00 ] 127.0.0.1 /redcenter/index.php/Api/handle/
INFO: [ app_init ] --START--
INFO: Run Behavior\BuildLiteBehavior [ RunTime:0.000000s ]
INFO: [ app_init ] --END-- [ RunTime:0.001000s ]
INFO: [ app_begin ] --START--
INFO: Run Behavior\ReadHtmlCacheBehavior [ RunTime:0.000000s ]
INFO: [ app_begin ] --END-- [ RunTime:0.001000s ]
NOTIC: [8192] mysql_connect(): The mysql extension is deprecated and will be removed in the future: use mysqli or PDO instead D:\wamp\www\RedCenter\ThinkPHP\Library\Think\Db\Driver\Mysql.class.php 第 52 行.
SQL: SHOW COLUMNS FROM `action` [ RunTime:0.051003s ]
SQL: SELECT * FROM `action` WHERE `type` = 'weixinGame' LIMIT 1   [ RunTime:0.051003s ]
NOTIC: [8] Use of undefined constant act - assumed 'act' D:\wamp\www\RedCenter\RedCenter\Api\Controller\HandleController.class.php 第 13 行.
SQL: SHOW COLUMNS FROM `project_token` [ RunTime:0.052003s ]
SQL: SELECT * FROM `project_token` WHERE `token` = 'sdgadfasdfasdfqergg' LIMIT 1   [ RunTime:0.050003s ]
SQL: SHOW COLUMNS FROM `user_log` [ RunTime:0.052003s ]
SQL: SELECT * FROM `user_log` WHERE `user_id` = '4' AND `create_time` <= 1427990399 AND `project` = '微信' AND `action` = '微信游戏'  [ RunTime:0.051003s ]
NOTIC: [8] Undefined variable: todayScore D:\wamp\www\RedCenter\RedCenter\Api\Common\function.php 第 31 行.
SQL: INSERT INTO `user_log` (`user_id`,`create_time`,`project`,`action`,`score`) VALUES (4,1427948313,'微信','微信游戏',1) [ RunTime:0.059003s ]
SQL: SHOW COLUMNS FROM `user_member` [ RunTime:0.052003s ]
SQL: SELECT * FROM `user_member` WHERE `id` = 4 LIMIT 1   [ RunTime:0.051003s ]
SQL: UPDATE `user_member` SET `score`=3 WHERE `id` = 4 [ RunTime:0.058003s ]

[ 2015-04-02T12:18:35+08:00 ] 127.0.0.1 /redcenter/index.php/Api/handle/
INFO: [ app_init ] --START--
INFO: Run Behavior\BuildLiteBehavior [ RunTime:0.000000s ]
INFO: [ app_init ] --END-- [ RunTime:0.001000s ]
INFO: [ app_begin ] --START--
INFO: Run Behavior\ReadHtmlCacheBehavior [ RunTime:0.000000s ]
INFO: [ app_begin ] --END-- [ RunTime:0.000000s ]
NOTIC: [8192] mysql_connect(): The mysql extension is deprecated and will be removed in the future: use mysqli or PDO instead D:\wamp\www\RedCenter\ThinkPHP\Library\Think\Db\Driver\Mysql.class.php 第 52 行.
SQL: SHOW COLUMNS FROM `action` [ RunTime:0.050003s ]
SQL: SELECT * FROM `action` WHERE `type` = 'weixinGame' LIMIT 1   [ RunTime:0.049003s ]
NOTIC: [8] Use of undefined constant act - assumed 'act' D:\wamp\www\RedCenter\RedCenter\Api\Controller\HandleController.class.php 第 13 行.
SQL: SHOW COLUMNS FROM `project_token` [ RunTime:0.050003s ]
SQL: SELECT * FROM `project_token` WHERE `token` = 'sdgadfasdfasdfqergg' LIMIT 1   [ RunTime:0.050003s ]
SQL: SHOW COLUMNS FROM `user_log` [ RunTime:0.050003s ]
SQL: SELECT * FROM `user_log` WHERE `user_id` = '4' AND `create_time` <= 1427990399 AND `project` = '微信' AND `action` = '微信游戏'  [ RunTime:0.050003s ]
NOTIC: [8] Undefined variable: todayScore D:\wamp\www\RedCenter\RedCenter\Api\Common\function.php 第 31 行.

[ 2015-04-02T12:18:36+08:00 ] 127.0.0.1 /redcenter/index.php/Api/handle/
INFO: [ app_init ] --START--
INFO: Run Behavior\BuildLiteBehavior [ RunTime:0.000000s ]
INFO: [ app_init ] --END-- [ RunTime:0.001000s ]
INFO: [ app_begin ] --START--
INFO: Run Behavior\ReadHtmlCacheBehavior [ RunTime:0.000000s ]
INFO: [ app_begin ] --END-- [ RunTime:0.002000s ]
NOTIC: [8192] mysql_connect(): The mysql extension is deprecated and will be removed in the future: use mysqli or PDO instead D:\wamp\www\RedCenter\ThinkPHP\Library\Think\Db\Driver\Mysql.class.php 第 52 行.
SQL: SHOW COLUMNS FROM `action` [ RunTime:0.052003s ]
SQL: SELECT * FROM `action` WHERE `type` = 'weixinGame' LIMIT 1   [ RunTime:0.052003s ]
NOTIC: [8] Use of undefined constant act - assumed 'act' D:\wamp\www\RedCenter\RedCenter\Api\Controller\HandleController.class.php 第 13 行.
SQL: SHOW COLUMNS FROM `project_token` [ RunTime:0.051003s ]
SQL: SELECT * FROM `project_token` WHERE `token` = 'sdgadfasdfasdfqergg' LIMIT 1   [ RunTime:0.051003s ]
SQL: SHOW COLUMNS FROM `user_log` [ RunTime:0.051003s ]
SQL: SELECT * FROM `user_log` WHERE `user_id` = '4' AND `create_time` <= 1427990399 AND `project` = '微信' AND `action` = '微信游戏'  [ RunTime:0.052003s ]
NOTIC: [8] Undefined variable: todayScore D:\wamp\www\RedCenter\RedCenter\Api\Common\function.php 第 31 行.

[ 2015-04-02T12:19:03+08:00 ] 127.0.0.1 /redcenter/index.php/Api/handle/
INFO: [ app_init ] --START--
INFO: Run Behavior\BuildLiteBehavior [ RunTime:0.000000s ]
INFO: [ app_init ] --END-- [ RunTime:0.001000s ]
INFO: [ app_begin ] --START--
INFO: Run Behavior\ReadHtmlCacheBehavior [ RunTime:0.001000s ]
INFO: [ app_begin ] --END-- [ RunTime:0.001000s ]
NOTIC: [8192] mysql_connect(): The mysql extension is deprecated and will be removed in the future: use mysqli or PDO instead D:\wamp\www\RedCenter\ThinkPHP\Library\Think\Db\Driver\Mysql.class.php 第 52 行.
SQL: SHOW COLUMNS FROM `action` [ RunTime:0.050002s ]
SQL: SELECT * FROM `action` WHERE `type` = 'watchWeixin' LIMIT 1   [ RunTime:0.050002s ]
NOTIC: [8] Use of undefined constant act - assumed 'act' D:\wamp\www\RedCenter\RedCenter\Api\Controller\HandleController.class.php 第 13 行.
SQL: SHOW COLUMNS FROM `project_token` [ RunTime:0.050003s ]
SQL: SELECT * FROM `project_token` WHERE `token` = 'sdgadfasdfasdfqergg' LIMIT 1   [ RunTime:0.050003s ]
SQL: SHOW COLUMNS FROM `user_log` [ RunTime:0.050003s ]
SQL: SELECT * FROM `user_log` WHERE `user_id` = '4' AND `create_time` <= 1427990399 AND `project` = '微信' AND `action` = '关注微信'  [ RunTime:0.050003s ]
SQL: INSERT INTO `user_log` (`user_id`,`create_time`,`project`,`action`,`score`) VALUES (4,1427948343,'微信','关注微信',5) [ RunTime:0.056004s ]
SQL: SHOW COLUMNS FROM `user_member` [ RunTime:0.050002s ]
SQL: SELECT * FROM `user_member` WHERE `id` = 4 LIMIT 1   [ RunTime:0.050002s ]
SQL: UPDATE `user_member` SET `score`=8 WHERE `id` = 4 [ RunTime:0.053003s ]

[ 2015-04-02T12:19:05+08:00 ] 127.0.0.1 /redcenter/index.php/Api/handle/
INFO: [ app_init ] --START--
INFO: Run Behavior\BuildLiteBehavior [ RunTime:0.000000s ]
INFO: [ app_init ] --END-- [ RunTime:0.001000s ]
INFO: [ app_begin ] --START--
INFO: Run Behavior\ReadHtmlCacheBehavior [ RunTime:0.001000s ]
INFO: [ app_begin ] --END-- [ RunTime:0.002000s ]
NOTIC: [8192] mysql_connect(): The mysql extension is deprecated and will be removed in the future: use mysqli or PDO instead D:\wamp\www\RedCenter\ThinkPHP\Library\Think\Db\Driver\Mysql.class.php 第 52 行.
SQL: SHOW COLUMNS FROM `action` [ RunTime:0.052003s ]
SQL: SELECT * FROM `action` WHERE `type` = 'watchWeixin' LIMIT 1   [ RunTime:0.051003s ]
NOTIC: [8] Use of undefined constant act - assumed 'act' D:\wamp\www\RedCenter\RedCenter\Api\Controller\HandleController.class.php 第 13 行.
SQL: SHOW COLUMNS FROM `project_token` [ RunTime:0.052003s ]
SQL: SELECT * FROM `project_token` WHERE `token` = 'sdgadfasdfasdfqergg' LIMIT 1   [ RunTime:0.051003s ]
SQL: SHOW COLUMNS FROM `user_log` [ RunTime:0.052003s ]
SQL: SELECT * FROM `user_log` WHERE `user_id` = '4' AND `create_time` <= 1427990399 AND `project` = '微信' AND `action` = '关注微信'  [ RunTime:0.051003s ]
NOTIC: [8] Undefined variable: todayScore D:\wamp\www\RedCenter\RedCenter\Api\Common\function.php 第 31 行.

[ 2015-04-02T12:19:21+08:00 ] 127.0.0.1 /redcenter/index.php/Api/handle/
INFO: [ app_init ] --START--
INFO: Run Behavior\BuildLiteBehavior [ RunTime:0.000000s ]
INFO: [ app_init ] --END-- [ RunTime:0.001000s ]
INFO: [ app_begin ] --START--
INFO: Run Behavior\ReadHtmlCacheBehavior [ RunTime:0.001000s ]
INFO: [ app_begin ] --END-- [ RunTime:0.001000s ]
NOTIC: [8192] mysql_connect(): The mysql extension is deprecated and will be removed in the future: use mysqli or PDO instead D:\wamp\www\RedCenter\ThinkPHP\Library\Think\Db\Driver\Mysql.class.php 第 52 行.
SQL: SHOW COLUMNS FROM `action` [ RunTime:0.052003s ]
SQL: SELECT * FROM `action` WHERE `type` = 'unwatchWeixin' LIMIT 1   [ RunTime:0.052003s ]
NOTIC: [8] Use of undefined constant act - assumed 'act' D:\wamp\www\RedCenter\RedCenter\Api\Controller\HandleController.class.php 第 13 行.
SQL: SHOW COLUMNS FROM `project_token` [ RunTime:0.052002s ]
SQL: SELECT * FROM `project_token` WHERE `token` = 'sdgadfasdfasdfqergg' LIMIT 1   [ RunTime:0.051002s ]
SQL: SHOW COLUMNS FROM `user_log` [ RunTime:0.052003s ]
SQL: SELECT * FROM `user_log` WHERE `user_id` = '4' AND `create_time` <= 1427990399 AND `project` = '微信' AND `action` = '取消关注微信'  [ RunTime:0.051003s ]
SQL: INSERT INTO `user_log` (`user_id`,`create_time`,`project`,`action`,`score`) VALUES (4,1427948361,'微信','取消关注微信',-10) [ RunTime:0.063003s ]
SQL: SHOW COLUMNS FROM `user_member` [ RunTime:0.053003s ]
SQL: SELECT * FROM `user_member` WHERE `id` = 4 LIMIT 1   [ RunTime:0.052002s ]
SQL: UPDATE `user_member` SET `score`=-2 WHERE `id` = 4 [ RunTime:0.061003s ]

[ 2015-04-02T12:20:29+08:00 ] 127.0.0.1 /redcenter/index.php/Api/handle/
INFO: [ app_init ] --START--
INFO: Run Behavior\BuildLiteBehavior [ RunTime:0.000000s ]
INFO: [ app_init ] --END-- [ RunTime:0.001001s ]
INFO: [ app_begin ] --START--
INFO: Run Behavior\ReadHtmlCacheBehavior [ RunTime:0.001000s ]
INFO: [ app_begin ] --END-- [ RunTime:0.001000s ]
NOTIC: [8192] mysql_connect(): The mysql extension is deprecated and will be removed in the future: use mysqli or PDO instead D:\wamp\www\RedCenter\ThinkPHP\Library\Think\Db\Driver\Mysql.class.php 第 52 行.
SQL: SHOW COLUMNS FROM `action` [ RunTime:0.051003s ]
SQL: SELECT * FROM `action` WHERE `type` = 'unwatchWeixin' LIMIT 1   [ RunTime:0.051003s ]
NOTIC: [8] Use of undefined constant act - assumed 'act' D:\wamp\www\RedCenter\RedCenter\Api\Controller\HandleController.class.php 第 13 行.
SQL: SHOW COLUMNS FROM `project_token` [ RunTime:0.052003s ]
SQL: SELECT * FROM `project_token` WHERE `token` = 'sdgadfasdfasdfqergg' LIMIT 1   [ RunTime:0.051003s ]
SQL: SHOW COLUMNS FROM `user_log` [ RunTime:0.051003s ]
SQL: SELECT * FROM `user_log` WHERE `user_id` = '4' AND `create_time` <= 1427990399 AND `project` = '微信' AND `action` = '取消关注微信'  [ RunTime:0.053003s ]
NOTIC: [8] Undefined variable: todayScore D:\wamp\www\RedCenter\RedCenter\Api\Common\function.php 第 31 行.
SQL: INSERT INTO `user_log` (`user_id`,`create_time`,`project`,`action`,`score`) VALUES (4,1427948428,'微信','取消关注微信',-10) [ RunTime:0.059004s ]
SQL: SHOW COLUMNS FROM `user_member` [ RunTime:0.052003s ]
SQL: SELECT * FROM `user_member` WHERE `id` = 4 LIMIT 1   [ RunTime:0.052003s ]
SQL: UPDATE `user_member` SET `score`=0 WHERE `id` = 4 [ RunTime:0.057003s ]

[ 2015-04-02T12:36:27+08:00 ] 127.0.0.1 /redcenter/index.php/Api
INFO: [ app_init ] --START--
INFO: Run Behavior\BuildLiteBehavior [ RunTime:0.000000s ]
INFO: [ app_init ] --END-- [ RunTime:0.002000s ]
INFO: [ app_begin ] --START--
INFO: Run Behavior\ReadHtmlCacheBehavior [ RunTime:0.001000s ]
INFO: [ app_begin ] --END-- [ RunTime:0.001000s ]
INFO: [ view_parse ] --START--
INFO: Run Behavior\ParseTemplateBehavior [ RunTime:0.022001s ]
INFO: [ view_parse ] --END-- [ RunTime:0.023001s ]
INFO: [ view_filter ] --START--
INFO: Run Behavior\WriteHtmlCacheBehavior [ RunTime:0.001000s ]
INFO: [ view_filter ] --END-- [ RunTime:0.002000s ]
INFO: [ app_end ] --START--
INFO: Run Behavior\ShowPageTraceBehavior [ RunTime:0.001000s ]
INFO: [ app_end ] --END-- [ RunTime:0.001000s ]

[ 2015-04-02T12:36:31+08:00 ] 127.0.0.1 /redcenter/index.php/Api/handle
INFO: [ app_init ] --START--
INFO: Run Behavior\BuildLiteBehavior [ RunTime:0.000000s ]
INFO: [ app_init ] --END-- [ RunTime:0.001000s ]
INFO: [ app_begin ] --START--
INFO: Run Behavior\ReadHtmlCacheBehavior [ RunTime:0.001000s ]
INFO: [ app_begin ] --END-- [ RunTime:0.001000s ]
INFO: [ view_parse ] --START--
INFO: [ template_filter ] --START--
INFO: Run Behavior\ContentReplaceBehavior [ RunTime:0.000000s ]
INFO: [ template_filter ] --END-- [ RunTime:0.000000s ]
INFO: Run Behavior\ParseTemplateBehavior [ RunTime:0.032001s ]
INFO: [ view_parse ] --END-- [ RunTime:0.033001s ]
INFO: [ view_filter ] --START--
INFO: Run Behavior\WriteHtmlCacheBehavior [ RunTime:0.000000s ]
INFO: [ view_filter ] --END-- [ RunTime:0.001001s ]

[ 2015-04-02T12:37:01+08:00 ] 127.0.0.1 /redcenter/index.php/Api/handle
INFO: [ app_init ] --START--
INFO: Run Behavior\BuildLiteBehavior [ RunTime:0.000000s ]
INFO: [ app_init ] --END-- [ RunTime:0.000000s ]
INFO: [ app_begin ] --START--
INFO: Run Behavior\ReadHtmlCacheBehavior [ RunTime:0.001000s ]
INFO: [ app_begin ] --END-- [ RunTime:0.001000s ]
NOTIC: [8192] mysql_connect(): The mysql extension is deprecated and will be removed in the future: use mysqli or PDO instead D:\wamp\www\RedCenter\ThinkPHP\Library\Think\Db\Driver\Mysql.class.php 第 52 行.
SQL: SHOW COLUMNS FROM `action` [ RunTime:0.052003s ]
SQL: SELECT * FROM `action` WHERE `type` = '' LIMIT 1   [ RunTime:0.051003s ]
INFO: [ view_parse ] --START--
INFO: [ template_filter ] --START--
INFO: Run Behavior\ContentReplaceBehavior [ RunTime:0.000000s ]
INFO: [ template_filter ] --END-- [ RunTime:0.000000s ]
INFO: Run Behavior\ParseTemplateBehavior [ RunTime:0.020001s ]
INFO: [ view_parse ] --END-- [ RunTime:0.021001s ]
INFO: [ view_filter ] --START--
INFO: Run Behavior\WriteHtmlCacheBehavior [ RunTime:0.001000s ]
INFO: [ view_filter ] --END-- [ RunTime:0.001000s ]

[ 2015-04-02T12:37:36+08:00 ] 127.0.0.1 /redcenter/index.php/Api/handle
INFO: [ app_init ] --START--
INFO: Run Behavior\BuildLiteBehavior [ RunTime:0.000000s ]
INFO: [ app_init ] --END-- [ RunTime:0.001000s ]
INFO: [ app_begin ] --START--
INFO: Run Behavior\ReadHtmlCacheBehavior [ RunTime:0.000000s ]
INFO: [ app_begin ] --END-- [ RunTime:0.001000s ]
NOTIC: [8192] mysql_connect(): The mysql extension is deprecated and will be removed in the future: use mysqli or PDO instead D:\wamp\www\RedCenter\ThinkPHP\Library\Think\Db\Driver\Mysql.class.php 第 52 行.
SQL: SHOW COLUMNS FROM `action` [ RunTime:0.052003s ]
SQL: SELECT * FROM `action` WHERE `type` = '' LIMIT 1   [ RunTime:0.052003s ]
INFO: [ view_parse ] --START--
INFO: [ template_filter ] --START--
INFO: Run Behavior\ContentReplaceBehavior [ RunTime:0.001000s ]
INFO: [ template_filter ] --END-- [ RunTime:0.001000s ]
INFO: Run Behavior\ParseTemplateBehavior [ RunTime:0.014001s ]
INFO: [ view_parse ] --END-- [ RunTime:0.015001s ]
INFO: [ view_filter ] --START--
INFO: Run Behavior\WriteHtmlCacheBehavior [ RunTime:0.001000s ]
INFO: [ view_filter ] --END-- [ RunTime:0.001000s ]

[ 2015-04-02T12:38:56+08:00 ] 127.0.0.1 /redcenter/index.php/Api/handle
INFO: [ app_init ] --START--
INFO: Run Behavior\BuildLiteBehavior [ RunTime:0.000000s ]
INFO: [ app_init ] --END-- [ RunTime:0.000000s ]
INFO: [ app_begin ] --START--
INFO: Run Behavior\ReadHtmlCacheBehavior [ RunTime:0.001000s ]
INFO: [ app_begin ] --END-- [ RunTime:0.001000s ]

[ 2015-04-02T12:39:08+08:00 ] 127.0.0.1 /redcenter/index.php/Api/handle
INFO: [ app_init ] --START--
INFO: Run Behavior\BuildLiteBehavior [ RunTime:0.000000s ]
INFO: [ app_init ] --END-- [ RunTime:0.000000s ]
INFO: [ app_begin ] --START--
INFO: Run Behavior\ReadHtmlCacheBehavior [ RunTime:0.001000s ]
INFO: [ app_begin ] --END-- [ RunTime:0.001000s ]

[ 2015-04-02T12:39:10+08:00 ] 127.0.0.1 /redcenter/index.php/Api/handle
INFO: [ app_init ] --START--
INFO: Run Behavior\BuildLiteBehavior [ RunTime:0.000000s ]
INFO: [ app_init ] --END-- [ RunTime:0.001000s ]
INFO: [ app_begin ] --START--
INFO: Run Behavior\ReadHtmlCacheBehavior [ RunTime:0.001001s ]
INFO: [ app_begin ] --END-- [ RunTime:0.001001s ]

[ 2015-04-02T12:39:24+08:00 ] 127.0.0.1 /redcenter/index.php/Api/handle
INFO: [ app_init ] --START--
INFO: Run Behavior\BuildLiteBehavior [ RunTime:0.000000s ]
INFO: [ app_init ] --END-- [ RunTime:0.002000s ]
INFO: [ app_begin ] --START--
INFO: Run Behavior\ReadHtmlCacheBehavior [ RunTime:0.001000s ]
INFO: [ app_begin ] --END-- [ RunTime:0.001000s ]

[ 2015-04-02T12:40:01+08:00 ] 127.0.0.1 /redcenter/index.php/Api/handle
INFO: [ app_init ] --START--
INFO: Run Behavior\BuildLiteBehavior [ RunTime:0.000000s ]
INFO: [ app_init ] --END-- [ RunTime:0.001000s ]
INFO: [ app_begin ] --START--
INFO: Run Behavior\ReadHtmlCacheBehavior [ RunTime:0.001001s ]
INFO: [ app_begin ] --END-- [ RunTime:0.001001s ]

[ 2015-04-02T12:40:30+08:00 ] 127.0.0.1 /redcenter/index.php/Api/handle
INFO: [ app_init ] --START--
INFO: Run Behavior\BuildLiteBehavior [ RunTime:0.000000s ]
INFO: [ app_init ] --END-- [ RunTime:0.001000s ]
INFO: [ app_begin ] --START--
INFO: Run Behavior\ReadHtmlCacheBehavior [ RunTime:0.001001s ]
INFO: [ app_begin ] --END-- [ RunTime:0.001001s ]
INFO: [ view_parse ] --START--
INFO: [ template_filter ] --START--
INFO: Run Behavior\ContentReplaceBehavior [ RunTime:0.000000s ]
INFO: [ template_filter ] --END-- [ RunTime:0.001000s ]
INFO: Run Behavior\ParseTemplateBehavior [ RunTime:0.015001s ]
INFO: [ view_parse ] --END-- [ RunTime:0.015001s ]
INFO: [ view_filter ] --START--
INFO: Run Behavior\WriteHtmlCacheBehavior [ RunTime:0.001000s ]
INFO: [ view_filter ] --END-- [ RunTime:0.001000s ]

[ 2015-04-02T12:40:33+08:00 ] 127.0.0.1 /redcenter/index.php/Api
INFO: [ app_init ] --START--
INFO: Run Behavior\BuildLiteBehavior [ RunTime:0.000000s ]
INFO: [ app_init ] --END-- [ RunTime:0.001000s ]
INFO: [ app_begin ] --START--
INFO: Run Behavior\ReadHtmlCacheBehavior [ RunTime:0.001000s ]
INFO: [ app_begin ] --END-- [ RunTime:0.001000s ]
INFO: [ view_parse ] --START--
INFO: Run Behavior\ParseTemplateBehavior [ RunTime:0.001000s ]
INFO: [ view_parse ] --END-- [ RunTime:0.001000s ]
INFO: [ view_filter ] --START--
INFO: Run Behavior\WriteHtmlCacheBehavior [ RunTime:0.000000s ]
INFO: [ view_filter ] --END-- [ RunTime:0.001000s ]
INFO: [ app_end ] --START--
INFO: Run Behavior\ShowPageTraceBehavior [ RunTime:0.000000s ]
INFO: [ app_end ] --END-- [ RunTime:0.001000s ]

