[ 2015-04-25T20:05:26+08:00 ] 127.0.0.1 /redcenter/index.php/Api/handle/
INFO: [ app_init ] --START--
INFO: Run Behavior\BuildLiteBehavior [ RunTime:0.001000s ]
INFO: [ app_init ] --END-- [ RunTime:0.001000s ]
INFO: [ app_begin ] --START--
INFO: Run Behavior\ReadHtmlCacheBehavior [ RunTime:0.000000s ]
INFO: [ app_begin ] --END-- [ RunTime:0.001000s ]
NOTIC: [8192] mysql_connect(): The mysql extension is deprecated and will be removed in the future: use mysqli or PDO instead D:\wamp\www\RedCenter\ThinkPHP\Library\Think\Db\Driver\Mysql.class.php 第 52 行.
SQL: SHOW COLUMNS FROM `user_member` [ RunTime:0.066603s ]
SQL: SELECT * FROM `user_member` WHERE `stu_num` = '2013213819' LIMIT 1   [ RunTime:0.214211s ]

[ 2015-04-25T20:19:34+08:00 ] 127.0.0.1 /redcenter/index.php/Api/handle/
INFO: [ app_init ] --START--
INFO: Run Behavior\BuildLiteBehavior [ RunTime:0.000000s ]
INFO: [ app_init ] --END-- [ RunTime:0.001000s ]
INFO: [ app_begin ] --START--
INFO: Run Behavior\ReadHtmlCacheBehavior [ RunTime:0.002000s ]
INFO: [ app_begin ] --END-- [ RunTime:0.002000s ]
NOTIC: [8192] mysql_connect(): The mysql extension is deprecated and will be removed in the future: use mysqli or PDO instead D:\wamp\www\RedCenter\ThinkPHP\Library\Think\Db\Driver\Mysql.class.php 第 52 行.
SQL: SHOW COLUMNS FROM `user_member` [ RunTime:0.004000s ]
SQL: SELECT * FROM `user_member` WHERE `stu_num` = '2013213819' LIMIT 1   [ RunTime:0.073004s ]

[ 2015-04-25T20:19:46+08:00 ] 127.0.0.1 /redcenter/index.php/Api/handle/
INFO: [ app_init ] --START--
INFO: Run Behavior\BuildLiteBehavior [ RunTime:0.000000s ]
INFO: [ app_init ] --END-- [ RunTime:0.001000s ]
INFO: [ app_begin ] --START--
INFO: Run Behavior\ReadHtmlCacheBehavior [ RunTime:0.001000s ]
INFO: [ app_begin ] --END-- [ RunTime:0.001000s ]
NOTIC: [8192] mysql_connect(): The mysql extension is deprecated and will be removed in the future: use mysqli or PDO instead D:\wamp\www\RedCenter\ThinkPHP\Library\Think\Db\Driver\Mysql.class.php 第 52 行.
SQL: SHOW COLUMNS FROM `action` [ RunTime:0.003000s ]
SQL: SELECT * FROM `action` WHERE `type` = 'feedBack' LIMIT 1   [ RunTime:0.001000s ]
SQL: SHOW COLUMNS FROM `project_token` [ RunTime:0.003000s ]
SQL: SELECT * FROM `project_token` WHERE `project_id` = 'cyxbs' LIMIT 1   [ RunTime:0.001000s ]
SQL: SHOW COLUMNS FROM `user_member` [ RunTime:0.005000s ]
SQL: SELECT * FROM `user_member` WHERE `stu_num` = '2013213819' LIMIT 1   [ RunTime:0.058003s ]

[ 2015-04-25T20:20:22+08:00 ] 127.0.0.1 /redcenter/index.php/Api/handle/
INFO: [ app_init ] --START--
INFO: Run Behavior\BuildLiteBehavior [ RunTime:0.000000s ]
INFO: [ app_init ] --END-- [ RunTime:0.001000s ]
INFO: [ app_begin ] --START--
INFO: Run Behavior\ReadHtmlCacheBehavior [ RunTime:0.000000s ]
INFO: [ app_begin ] --END-- [ RunTime:0.000000s ]
NOTIC: [8192] mysql_connect(): The mysql extension is deprecated and will be removed in the future: use mysqli or PDO instead D:\wamp\www\RedCenter\ThinkPHP\Library\Think\Db\Driver\Mysql.class.php 第 52 行.
SQL: SHOW COLUMNS FROM `action` [ RunTime:0.005000s ]
SQL: SELECT * FROM `action` WHERE `type` = 'feedBack' LIMIT 1   [ RunTime:0.003000s ]
SQL: SHOW COLUMNS FROM `project_token` [ RunTime:0.006001s ]
SQL: SELECT * FROM `project_token` WHERE `project_id` = 'cyxbs' LIMIT 1   [ RunTime:0.001000s ]
SQL: SHOW COLUMNS FROM `user_member` [ RunTime:0.007000s ]
SQL: SELECT * FROM `user_member` WHERE `stu_num` = '2013213819' LIMIT 1   [ RunTime:0.050003s ]

[ 2015-04-25T20:20:37+08:00 ] 127.0.0.1 /redcenter/index.php/Api/handle/
INFO: [ app_init ] --START--
INFO: Run Behavior\BuildLiteBehavior [ RunTime:0.000000s ]
INFO: [ app_init ] --END-- [ RunTime:0.000000s ]
INFO: [ app_begin ] --START--
INFO: Run Behavior\ReadHtmlCacheBehavior [ RunTime:0.000000s ]
INFO: [ app_begin ] --END-- [ RunTime:0.001000s ]
NOTIC: [8192] mysql_connect(): The mysql extension is deprecated and will be removed in the future: use mysqli or PDO instead D:\wamp\www\RedCenter\ThinkPHP\Library\Think\Db\Driver\Mysql.class.php 第 52 行.
SQL: SHOW COLUMNS FROM `action` [ RunTime:0.003000s ]
SQL: SELECT * FROM `action` WHERE `type` = 'feedBack' LIMIT 1   [ RunTime:0.000000s ]
SQL: SHOW COLUMNS FROM `project_token` [ RunTime:0.002000s ]
SQL: SELECT * FROM `project_token` WHERE `project_id` = 'cyxbs' LIMIT 1   [ RunTime:0.002000s ]
SQL: SHOW COLUMNS FROM `user_member` [ RunTime:0.004000s ]
SQL: SELECT * FROM `user_member` WHERE `stu_num` = '2013213819' LIMIT 1   [ RunTime:0.051003s ]
SQL: SELECT * FROM `user_member` WHERE `stu_num` = '2013213819' LIMIT 1   [ RunTime:0.047003s ]
SQL: select * from user_log where create_time > 1429891200 and create_time < 1429977599 and user_id = 63888 and project = '微信'and action = '意见反馈' [ RunTime:0.000000s ]
SQL: SELECT * FROM `user_member` WHERE `stu_num` = '2013213819' LIMIT 1   [ RunTime:0.047003s ]
SQL: SHOW COLUMNS FROM `user_log` [ RunTime:0.003000s ]
SQL: INSERT INTO `user_log` (`user_id`,`create_time`,`project`,`action`,`score`) VALUES (63888,1429964436,'微信','意见反馈',2) [ RunTime:0.001000s ]
SQL: SELECT * FROM `user_member` WHERE `stu_num` = '2013213819' LIMIT 1   [ RunTime:0.048003s ]
SQL: SELECT * FROM `user_member` WHERE `stu_num` = '2013213819' LIMIT 1   [ RunTime:0.048003s ]
SQL: UPDATE `user_member` SET `score`=14 WHERE `id` = 63888 [ RunTime:0.002000s ]

[ 2015-04-25T20:20:52+08:00 ] 127.0.0.1 /redcenter/index.php/Api/handle/
INFO: [ app_init ] --START--
INFO: Run Behavior\BuildLiteBehavior [ RunTime:0.000000s ]
INFO: [ app_init ] --END-- [ RunTime:0.000000s ]
INFO: [ app_begin ] --START--
INFO: Run Behavior\ReadHtmlCacheBehavior [ RunTime:0.001000s ]
INFO: [ app_begin ] --END-- [ RunTime:0.001000s ]
NOTIC: [8192] mysql_connect(): The mysql extension is deprecated and will be removed in the future: use mysqli or PDO instead D:\wamp\www\RedCenter\ThinkPHP\Library\Think\Db\Driver\Mysql.class.php 第 52 行.
SQL: SHOW COLUMNS FROM `user_member` [ RunTime:0.003000s ]
SQL: SELECT * FROM `user_member` WHERE `stu_num` = '2013213819' LIMIT 1   [ RunTime:0.056004s ]

[ 2015-04-25T20:21:04+08:00 ] 127.0.0.1 /redcenter/index.php/Api/handle/
INFO: [ app_init ] --START--
INFO: Run Behavior\BuildLiteBehavior [ RunTime:0.000000s ]
INFO: [ app_init ] --END-- [ RunTime:0.001000s ]
INFO: [ app_begin ] --START--
INFO: Run Behavior\ReadHtmlCacheBehavior [ RunTime:0.001000s ]
INFO: [ app_begin ] --END-- [ RunTime:0.001000s ]
NOTIC: [8192] mysql_connect(): The mysql extension is deprecated and will be removed in the future: use mysqli or PDO instead D:\wamp\www\RedCenter\ThinkPHP\Library\Think\Db\Driver\Mysql.class.php 第 52 行.
SQL: SHOW COLUMNS FROM `action` [ RunTime:0.003000s ]
SQL: SELECT * FROM `action` WHERE `type` = 'feedBack' LIMIT 1   [ RunTime:0.001000s ]
SQL: SHOW COLUMNS FROM `project_token` [ RunTime:0.005001s ]
SQL: SELECT * FROM `project_token` WHERE `project_id` = 'cyxbs' LIMIT 1   [ RunTime:0.000000s ]
SQL: SHOW COLUMNS FROM `user_member` [ RunTime:0.004000s ]
SQL: SELECT * FROM `user_member` WHERE `stu_num` = '2013213819' LIMIT 1   [ RunTime:0.049003s ]
SQL: SELECT * FROM `user_member` WHERE `stu_num` = '2013213819' LIMIT 1   [ RunTime:0.051003s ]
SQL: select * from user_log where create_time > 1429891200 and create_time < 1429977599 and user_id = 63888 and project = '微信'and action = '意见反馈' [ RunTime:0.000000s ]
NOTIC: [8] Undefined variable: todayScore D:\wamp\www\RedCenter\RedCenter\Api\Common\function.php 第 28 行.
SQL: SELECT * FROM `user_member` WHERE `stu_num` = '2013213819' LIMIT 1   [ RunTime:0.048003s ]
SQL: SHOW COLUMNS FROM `user_log` [ RunTime:0.003000s ]
SQL: INSERT INTO `user_log` (`user_id`,`create_time`,`project`,`action`,`score`) VALUES (63888,1429964464,'微信','意见反馈',2) [ RunTime:0.001000s ]
SQL: SELECT * FROM `user_member` WHERE `stu_num` = '2013213819' LIMIT 1   [ RunTime:0.048003s ]
SQL: SELECT * FROM `user_member` WHERE `stu_num` = '2013213819' LIMIT 1   [ RunTime:0.049003s ]
SQL: UPDATE `user_member` SET `score`=16 WHERE `id` = 63888 [ RunTime:0.002000s ]

[ 2015-04-25T20:21:06+08:00 ] 127.0.0.1 /redcenter/index.php/Api/handle/
INFO: [ app_init ] --START--
INFO: Run Behavior\BuildLiteBehavior [ RunTime:0.001000s ]
INFO: [ app_init ] --END-- [ RunTime:0.001000s ]
INFO: [ app_begin ] --START--
INFO: Run Behavior\ReadHtmlCacheBehavior [ RunTime:0.001000s ]
INFO: [ app_begin ] --END-- [ RunTime:0.001000s ]
NOTIC: [8192] mysql_connect(): The mysql extension is deprecated and will be removed in the future: use mysqli or PDO instead D:\wamp\www\RedCenter\ThinkPHP\Library\Think\Db\Driver\Mysql.class.php 第 52 行.
SQL: SHOW COLUMNS FROM `action` [ RunTime:0.004000s ]
SQL: SELECT * FROM `action` WHERE `type` = 'feedBack' LIMIT 1   [ RunTime:0.000000s ]
SQL: SHOW COLUMNS FROM `project_token` [ RunTime:0.004000s ]
SQL: SELECT * FROM `project_token` WHERE `project_id` = 'cyxbs' LIMIT 1   [ RunTime:0.001000s ]
SQL: SHOW COLUMNS FROM `user_member` [ RunTime:0.004000s ]
SQL: SELECT * FROM `user_member` WHERE `stu_num` = '2013213819' LIMIT 1   [ RunTime:0.055003s ]
SQL: SELECT * FROM `user_member` WHERE `stu_num` = '2013213819' LIMIT 1   [ RunTime:0.048003s ]
SQL: select * from user_log where create_time > 1429891200 and create_time < 1429977599 and user_id = 63888 and project = '微信'and action = '意见反馈' [ RunTime:0.001000s ]
NOTIC: [8] Undefined variable: todayScore D:\wamp\www\RedCenter\RedCenter\Api\Common\function.php 第 28 行.
SQL: SELECT * FROM `user_member` WHERE `stu_num` = '2013213819' LIMIT 1   [ RunTime:0.047003s ]
SQL: SHOW COLUMNS FROM `user_log` [ RunTime:0.003000s ]
SQL: INSERT INTO `user_log` (`user_id`,`create_time`,`project`,`action`,`score`) VALUES (63888,1429964466,'微信','意见反馈',2) [ RunTime:0.081005s ]
SQL: SELECT * FROM `user_member` WHERE `stu_num` = '2013213819' LIMIT 1   [ RunTime:0.064003s ]
SQL: SELECT * FROM `user_member` WHERE `stu_num` = '2013213819' LIMIT 1   [ RunTime:0.047003s ]
SQL: UPDATE `user_member` SET `score`=18 WHERE `id` = 63888 [ RunTime:0.001000s ]

[ 2015-04-25T20:21:07+08:00 ] 127.0.0.1 /redcenter/index.php/Api/handle/
INFO: [ app_init ] --START--
INFO: Run Behavior\BuildLiteBehavior [ RunTime:0.000000s ]
INFO: [ app_init ] --END-- [ RunTime:0.001000s ]
INFO: [ app_begin ] --START--
INFO: Run Behavior\ReadHtmlCacheBehavior [ RunTime:0.001000s ]
INFO: [ app_begin ] --END-- [ RunTime:0.001000s ]
NOTIC: [8192] mysql_connect(): The mysql extension is deprecated and will be removed in the future: use mysqli or PDO instead D:\wamp\www\RedCenter\ThinkPHP\Library\Think\Db\Driver\Mysql.class.php 第 52 行.
SQL: SHOW COLUMNS FROM `action` [ RunTime:0.004000s ]
SQL: SELECT * FROM `action` WHERE `type` = 'feedBack' LIMIT 1   [ RunTime:0.001001s ]
SQL: SHOW COLUMNS FROM `project_token` [ RunTime:0.003000s ]
SQL: SELECT * FROM `project_token` WHERE `project_id` = 'cyxbs' LIMIT 1   [ RunTime:0.001000s ]
SQL: SHOW COLUMNS FROM `user_member` [ RunTime:0.003000s ]
SQL: SELECT * FROM `user_member` WHERE `stu_num` = '2013213819' LIMIT 1   [ RunTime:0.049003s ]
SQL: SELECT * FROM `user_member` WHERE `stu_num` = '2013213819' LIMIT 1   [ RunTime:0.051003s ]
SQL: select * from user_log where create_time > 1429891200 and create_time < 1429977599 and user_id = 63888 and project = '微信'and action = '意见反馈' [ RunTime:0.001000s ]
NOTIC: [8] Undefined variable: todayScore D:\wamp\www\RedCenter\RedCenter\Api\Common\function.php 第 28 行.

